:104000005542200135D0085A8245BA123140003954
:104010003F4018000F9308249242BA1220012F83C8
:104020009F4F327A0011F8233F40A2010F930724DB
:104030009242BA1220011F83CF431811F923218322
:10404000B012644A474F3D4011003E40FF003F40E0
:104050005C11B0121679F243A112F243B712B240CA
:10406000805A2001A242600182432E01A2428001B7
:1040700082431E01B24020026001B2402001800153
:10408000F24084FF5700C2435800B2400040820112
:104090003B400C003D4000080E430C4D0CDE5942E5
:1040A00057000A4C8A107AF0070079F0F8FF4AD9D5
:1040B000C24A5700C24C5600794003000A430843E5
:1040C0000F3C18429001385282489201B2F0FEFF34
:1040D000820192B38201FD271F427001084A0A4FF4
:1040E0007953EF230A883A900104012C0E4C0D11EC
:1040F0003B53D3230F4E3FF0E0003F90E0000220FF
:104100003EF0E0FF5C4257000D4E8D107DF0070041
:104110007CF0F8FF4DDCC24D5700C24E56005E42A7
:1041200057007EF007007ED080FFC24E5700E2426B
:104130005800F2F0FDFF000082437001B24002021D
:10414000600182439001B240020180011E42600181
:104150003EF0CFFF3ED02000824E60011E42800123
:104160003EF0CFFF3ED02000824E8001C2432600A9
:10417000C2432E00C2431B00C2431F00C243330090
:10418000C2433700C2432100F240E0FF2200F24068
:1041900030002900F2407B002A00C2431900F2409F
:1041A000F1FF1A00F240DDFF1D00F240FDFF1E008E
:1041B000F2433100F2433200C2433500F24336008D
:1041C000C2432500C2432D001F4270011E427001F0
:1041D0000E8F3E900128FA2BE2D31A00F2D21A0079
:1041E000F2D080FF1E00F2D010001E00F2D080FF3F
:1041F0001D00F2D010001D0003430343F2F0EFFF57
:104200001D00F2F0F7FF19005F43B012FA464F436A
:10421000B012FA465F43B012FA465F43B012FA4654
:104220005F43B012FA464F43B012FA464F43B01202
:10423000FA465F43B012FA46F2D010001D00F2D2E7
:104240001900E2D31900F2D010003200F2D02000A1
:104250003200F2D040003200F2D010003100F2D033
:1042600020003100F2D040003100B012566F4F9361
:10427000FC23F2437E11B2433C11C2433E11B243D0
:104280004011C2434211B2434411C2434611B243EA
:104290004811C2434A11B012BE45C24F43121F42D9
:1042A00016111F53824F8A1182438C11B2406C1237
:1042B0003411F2F0EFFF2200E2D21E00F2F0FDFF17
:1042C0001E00B2F0EFFF8601B24000408601F243CB
:1042D0009811C2432812C2432912C2432A12C24370
:1042E0002B12E2D21E00F2D040001E00F2D02000BD
:1042F0001E00B012644A1B420611B012764A824B6D
:104300009E11B0123648824C3812824D3A12824EBB
:104310003C12824F3E12D24204118211C2438311D9
:10432000F2401F002612F2401A004112B012364825
:10433000824C3812824D3A12824E3C12824F3E120B
:104340003E4038120D4E3D5007000C436F4EEE4D6F
:104350000000CD4F00001C531E533D532C92F623FA
:10436000D2437511C243B312D2438411C2433612F1
:10437000B2F0EFFF8201B24000408201C243BB11A4
:10438000B01248468243A8018243A401B0124246BB
:104390003FD00C00B0123C46B012566F4F93FC2336
:1043A0004F47B012764A32D2C2432C11B012644A3F
:1043B000F2F0FEFF3500B012764AB012644AF2F015
:1043C000FDFF2900B012764AB012644AF2F0FDFFF8
:1043D0003500B012764AB012644AF2F0F7FF2900B5
:1043E000B012764AB012644AF2F0FBFF3500B01208
:1043F000764AB012644AF2F0BFFF2900B012764A42
:10440000B0120857B012644AF2F0FDFF2A00B01251
:10441000764AB0121857B012644AF2F0F7FF2A0039
:10442000B012764AB0122857B012644AF2F0BFFFB9
:104430002A00B012764A5F43B012DE594F9319201A
:10444000B012644A829326110324B012764A193CB2
:1044500092432611B012764AB012644AF2D020007C
:104460001D00B012764A3E4014000F43B012B44F04
:10447000083C6F43B012444B4F9303205F43B0128C
:10448000444BB012644A4A4F863CC29310117724C1
:10449000B2B0100062010820B2B010006401042024
:1044A000B2B01000660107241E4260013EF0000316
:1044B0003E9000022E245F4204003FB0C00005245D
:1044C0005F4271003FF0200026205F4205003FB0B0
:1044D000300005245F4279003FF020001E205F423B
:1044E00070001FF31C245F4271003FF020001A246B
:1044F0005F4272003FF0200018245F4270002FF2EC
:1045000017245F4270003FF0200015207E40050018
:10451000133C6E43113C6E430F3C6E430D3C7E409A
:1045200005000A3C7E400500073C7E400500043C37
:104530007E400500013C6E43B2B01000A00119247A
:10454000B2B01000A2010524B2B2A2010F246E4342
:10455000103C1F42A2013FB000040B241D42600129
:104560003DF000033D9000020420023C4E43013C1C
:104570006E437E90050001286E42C24E32115E42AB
:1045800032110E5E1E4E1A7A3ED2814E000022D1AA
:1045900032C203430343F293A1127727B012E049DA
:1045A0004B4F7F9372274F4AB012764A4F4BB0124F
:1045B000E267673F32D0F000FD3F304080790B1258
:1045C0000A1209120812071206123C404E830D43CC
:1045D0001E428A111F428C11B0122E77074D084ED1
:1045E000094F0E4C0F4712C30F100E10085E096FD3
:1045F0000993053438F339F0FF7F18530963824873
:104600008A1182498C110F4836413741384139416E
:104610003A413B413041C24F77005F4202003FF0D8
:104620004000FB27F2F0BFFF02005F4276003041FE
:104630001F42A0013041824FA0013041824FA001B2
:1046400030411F42A00130411F42A201B2F0F9FFE8
:10465000A201B2F0FCFFA001B2F0EFFFA0011E42E8
:10466000A2013FF006000FDE824FA20130411E4240
:1046700070013F9001800A283F5000801D42700168
:104680000D8E0F9DFB2F0E5F3F4000801D4270017D
:104690000D8E0F9DFB2F3041F2F0EFFF2A003041CD
:1046A000F2D010002A0030414F4F3F5080006F4F32
:1046B00030411F429001013C0F4E1E4290010F9E5F
:1046C000FB233041B2F0EFFF8401E2D31F00B2F0D0
:1046D000FEFF8401B2F0FDFF84014F4F8F107E403A
:1046E00006000F5F7E53FD233FD00001824F8401FF
:1046F000B2D0100084014F4330414F9304245F42F5
:1047000019006FD3043C5F4219007FF0FDFFC24FD8
:104710001900F2D21900F2F0F7FF190030415C4F96
:1047200002008C105E4F01000CDE0E4C8E104E4EBF
:1047300012C30E1012C30E103EF003005D4E2E7A0F
:104740008D110E4C8E104E4E7C40060012C30E1082
:104750007C53FC235E4E2E7A8E110E5D3E50060079
:104760000F5E3041F24080FF5211C2438111C243BB
:10477000A612C243A012C243761130417F922C2C64
:104780004F4F0F5F104F82795F4237007FF0FEFF7F
:104790001D3C5F4237007FF0FDFF183C5F42370051
:1047A0007FF0FBFF133C5F4237007FF0F7FF0E3CCA
:1047B0005F4237007FF0EFFF093C5F4237007FF038
:1047C000DFFF043C5F4237007FF0BFFFC24F37007E
:1047D0003041F2F07F00370030410B125F42B311DD
:1047E0003FF040000324B2F0CFFF60014F43B0120E
:1047F000A8467FF00F00B0127C475F42B3113FF034
:1048000010000A200D3C4F4BB012A8467FF00F005D
:10481000B0127C475B53013C5B435B927811F32BF6
:10482000B01248468243A8018243A401F2F0DFFFA0
:10483000B3113B4130410B120A12091208123150D8
:10484000F2FFC29320118120B0129846F2F0EFFFE0
:104850002900B012A0463F403002B0126E46B0129E
:1048600098463F403C00B0126E460B43F2B0100039
:10487000280009243B5005003F400500B0126E4659
:104880003B90F000F3233F40A401B0126E463B90F2
:10489000F0005D2C7A427B4033001BB30B24B01236
:1048A000A0463F400500B0126E46B01298463F4009
:1048B00041000A3CB012A0463F403C00B0126E4698
:1048C000B01298463F400500B0126E4612C34B101E
:1048D0007A53E3233A402E1279424B4312C34B10D2
:1048E000B012A0463F400500B0126E46B012984686
:1048F0003F400500B0126E46584228003F4041003C
:10490000B0126E4678B0100002247BD080FF79533D
:10491000E523CA4B00001A533A903612DD230E43AA
:104920004F435FEE2E127D420C4F1CF312C34F100B
:104930000C9302247FE08CFF7D53F6231E533E929E
:10494000F0234F930620D24320114E43043C6E4285
:10495000023C7E400600C29320110A240F430D4101
:104960000D5FDD4F2F1200001F533F900600F7230D
:104970004E9308243D420E430F413F500600B012B3
:104980001679163CC1430600F14012000700F140C1
:104990006D000800F14045000900F14050000A0098
:1049A000D14102000B00D14101000C00E1410D009A
:1049B0001C4106001D4108001E410A001F410C0059
:1049C00031500E00384139413A413B4130414F931B
:1049D0000324D24370003041F2F0FEFF70003041FA
:1049E0005F42A1124E4F3E505C116D4EC24DA1125E
:1049F0007D930220F243B712FE43000030415F93E3
:104A00000C2403286F931820103C1F4262018F1062
:104A10005FF312241F42720130411F4264018F1064
:104A20005FF30A241F42740130411F4266018F1058
:104A30005FF302241F42760130415F43B012CE493A
:104A4000F2F0BFFF04003F401B00FFF0FDFF00003D
:104A5000FFF0FBFF0000FFF0F7FF00004F43B01234
:104A6000CE4930410E4232C2034303433EF25F431C
:104A700001204F4330414F93012432D230410B1279
:104A8000B012644A1D4292111E42A4120D930324D7
:104A90000D5E6D4D013C4D43C24D77006E531D427E
:104AA000A8124C4E0D9C1C2C4E4D1A3C5D4202002F
:104AB0003DF04000FB275B4276001D42EE110D9356
:104AC00003240C5DCC4B00001D4292110D93042475
:104AD0001D52A4126D4D013C4D43C24D7700013C67
:104AE0004E4E1C42A4120D4C1D53824DA4120D9E1D
:104AF000DD2BB012764A3B4130410B12B012644AB2
:104B00005B43C293281201244B43B012764A4F4BA9
:104B10003B4130410B120A124A4FB012644A4B4FCC
:104B2000B012FA4A4F9305244F4BB012764A4F43C6
:104B3000063C4F4BB012764A4F4AB01216463A41E5
:104B40003B4130410B120A124A4FB012644A5B4398
:104B50005A92291201244B43B012764A4F4B3A41E4
:104B60003B413041B012644AF2F0FBFF1D00B0122D
:104B7000764A30410B124B4FB012644A4E4BFE93B3
:104B80005C1106201E43C29BB71203240E43013C56
:104B90001E430E930E20F293A1120320C24BA112CA
:104BA000043C5E42B712CE4B5C11C24BB7124B4372
:104BB000023C7B400500B012764A4F4B3B413041EE
:104BC000C29324113920F2930B113620B012FA4A05
:104BD0004F933224D2434212C2935B110224C24348
:104BE0004212C29342122A24F29003002211292079
:104BF000C293081128205E420A117E9316244F4E5C
:104C00005D4F9811C24D0A117D930220F2430911A4
:104C1000FF439811C24E4012F2430811D2432211B1
:104C20007F400C00B012744B043CD2430811C243C5
:104C30002211B0123A4A053C5F4330417F400500E3
:104C400030414F4330414F433041D293081113203C
:104C50005F4222115F9305207F400C00B012744B1D
:104C6000083C6F930A20D24240120811F240030020
:104C700022114F4330415F4330415F4330414F93F6
:104C800003245F931420083CC293AA111220C2434C
:104C90002D12824EB012083CC293AA110C20D243AE
:104CA0002D12824EB0124F43B012744B023C5F4340
:104CB00030414F4330414F433041B012644AF2F02B
:104CC000BFFF0200F2D040000000B012764AB012DE
:104CD0007E4A30414E4EC243A01182439211824F10
:104CE000EE11824EA8128243A4120E930324B01236
:104CF000BA4C043C7F400B00B012744B4F43304120
:104D00000B120A1209120A4F494EB012644A4B4F55
:104D1000B012FA4A4F9305244F4BB012764A4B43D8
:104D20001F3C4F4BB012764AB2407F00A2117F4029
:104D30007F00B01216464B4F4E49C243A01182432A
:104D40009211824AEE11824EA8128243A4120E934F
:104D50000324B012BA4C043C7F400B00B012744BD9
:104D60004F4B39413A413B413041B012644B5E43B5
:104D70001F423411B012004D30410B124B4FB01294
:104D8000644AC24B2811B012764A7F400700B01225
:104D9000744B3B4130410B124B4F92431E11C243A7
:104DA0005B11B012C04B4F4BB0127A4D3B413041BA
:104DB000B012644AE2D21D00B012764A30410B12A2
:104DC0000A1209124B4FB012644A4A4FC29B0B1190
:104DD0000424B012764A5F434C3CF2430B115B4211
:104DE00024114B930920B012644AC2432812B01216
:104DF000764AB012C04B353C4C43494B021232C28A
:104E00000343C24C3001F240CDFF38011E423A014B
:104E100032418E1012C34E1012C34E104D4E4D5DD6
:104E20004D5D4E5D4C8E4E4C4F4C0D497CF00F004D
:104E30004C9303240D117C53FB3F1DF31724C24EEA
:104E40000B111E434D4F7DF00F004D9303240E5E5A
:104E50007D53FB3F4BCEC24B24117F400A00B01262
:104E6000744B4F4AB012764A4F43033C4C4E5C534E
:104E7000C53F39413A413B4130417F400300B012C8
:104E8000BE4D4F4330410B120A120912B012644A50
:104E9000494F1B429011B012B2460A4F1F42800187
:104EA0005FF304241B53B012B2460A4F0C430D4368
:104EB0000D4B0E4A0F430A4C0B4D0ADE0BDF4F49D8
:104EC000B012764A0E4A0F4B39413A413B413041CC
:104ED0000B120A1209120812B012864E084E094F20
:104EE0001E4236111F4238110A4E0B4F1A527A11C8
:104EF0001B627C11099F09280220089E06280B9F2F
:104F0000102809200A9E0D28063C0B9F04280F9BA1
:104F100027280A9E252C099B04280B992128089AEA
:104F20001F2C0C4A0D4B0C880D790D9303203C90DF
:104F3000018018280E480F493E5000800F63824EB2
:104F40003611824F38110E4C0F4D3E5000803F639A
:104F5000824E7A11824F7C113C4000800D430A3C06
:104F60000C430D43824A3611824B381182437A1129
:104F700082437C110A4CB012B2460E4F0E880E9A34
:104F8000052C0C4A0C8E3C900300062CB012B24645
:104F90002F53824F9601033C0C5F824C9601B2F076
:104FA000FEFF8601B2D010008601384139413A41F6
:104FB0003B4130410B120A120912081221830A4E9A
:104FC0000B4FB012864E084E094FB012644A824809
:104FD000361182493811824A7A11824B7C11814FF5
:104FE0000000B012D04E2F41B012764A2153384102
:104FF00039413A413B4130410B12B012644A4B4FA8
:10500000B012BE453E404600B012F4770E4F3E50FF
:105010000B00824EB4120F43B012B44F4F4BB0127C
:10502000764A3B4130410B120A12B012644A4A4F91
:10503000B2921E1112207F400900B012144BB01220
:105040007A4EB012B04D92431E117F400300B01251
:105050007A4D4F4AB012764A2F3CB012644BC2933D
:10506000B81203247F400500013C6F42B012144B7C
:105070004E4F3EF205204F43B012144B3FF2042036
:105080005B433F400300033C4B433F400500824FDE
:105090001E11B012B04D4F4AB012764A4B930724FE
:1050A000C2433B11B0127A4EB012F84F053C3E405D
:1050B00040010F43B012B44F3A413B4130410B1213
:1050C0000A120912494F0A4EB012644A4B4FB012ED
:1050D000FA4A4F9305244F4BB012764A4F430D3C8A
:1050E0004F4BB012764A4F49B01216460F4A8F10F6
:1050F000B01216464F4AB012164639413A413B416A
:1051000030410B120A12091208120712084F4A4EB8
:10511000074D4B4CB012644A494FB012FA4A4F93B4
:1051200005244F49B012764A4F43213C4F49B012F3
:10513000764A4A4A0A584F4A7FD080FFB012164634
:10514000494F0E4A12C30E104F4E7FF0C0FFB012EF
:1051500016464A4B093C4E4B0F4A0F8E0E4F0E57C8
:105160006F4EB01216467B534B93F5234F49374190
:10517000384139413A413B4130410B123150F4FF43
:10518000B012644A4B4F3D423E4038120F41B012BC
:105190001C781E428211C14E08008E10C14E0900BB
:1051A0001E429E11C14E0A008E10C14E0B004F4B85
:1051B000B012764A7C400C000D414E433F406001E6
:1051C000B012025131500C003B4130410B120A1217
:1051D0000912081207124B4FB012644A474FE2936C
:1051E0002E113C20C29B0F113920C293BB11052008
:1051F000F2430F11C2432E112F3CF2430F115942BB
:1052000030110D491D532D9301200D434B4D4E4D33
:1052100012C34E1012C34E1012C34E104E4E584EB3
:10522000BB111C434A4B7AF007004A9303240C5CE1
:105230007A53FB3F48BC062448CCCE48BB11C24B36
:105240003011033C0D99DE237B43C24B7711D243CF
:105250002E115F43B012744B5B43013C4B434F47ED
:10526000B012764A4F4B5FE33741384139413A41FA
:105270003B4130414F9302245F930320B012CC5145
:1052800030415F4330414F9303245F931320083C28
:10529000C2930E1103206F43B012744B4F43073C6F
:1052A000D2930E1103206F43B012744B5F43B012C0
:1052B000745230415F433041B012644AF2E0400022
:1052C0003100B012764A30410B124B4FB012644A93
:1052D000C24B2912B012764A3B4130410B120A12DE
:1052E00009121B4286115A4B2A004A9302207A4027
:1052F0001F00B012644BC29A731107244E4A3ED06D
:10530000E0807F401500B012BE50C24A7311694B55
:10531000B012644A4A4FB012FA4A4F9304244F4ADB
:10532000B012764A203C4F4AB012764AB2403E0054
:10533000A2117F403E00B01216464F497F534F4F97
:10534000C243A011824B92118243EE11824FA812E8
:105350008243A4120F930324B012BA4C043C7F4042
:105360000B00B012744B39413A413B4130410B12B2
:105370000A120912494FB012644A4A4F1E42A20152
:105380005EF30524B012764A7F4005001C3CB01243
:1053900030460B4F3BF0FDFF0F4BB01236463BD073
:1053A00020004E497E531EF37D4006000E5E7D5365
:1053B000FD233BF0BFFF0F4B0FDEB01236464F4AC6
:1053C000B012764A4F4339413A413B4130410B12CA
:1053D0000A12091208120712B012644A474F1A4201
:1053E000B6111B42B811B012B2460D4F1F428001D8
:1053F0005FF305241A530B63B012B2460D4F12C36C
:105400000D1012C30D1012C30D1012C30D1012C3D4
:105410000D10084D09430E4A0F4B4FEA0FEA8F104B
:105420004E4E8E100E5E0F6F0E5E0F6F0E5E0F6F84
:1054300008DE09DF4F47B012764A0E480F49374160
:10544000384139413A413B4130410B1209120812AF
:105450004B4F084D094EB012CE534B4B0B5B0C4BD0
:105460000C5C0C5C0C5B3C50BC118C4E00008C4FF7
:1054700002008C4804008C490600FCD003000800A0
:105480006F42B012744B384139413B4130410B12ED
:105490000A1209120812B012CE53084E094F1E42CA
:1054A0009A111F429C110A4E0B4F1A5294111B6203
:1054B0009611099F09280220089E06280B9F102894
:1054C00009200A9E0D28063C0B9F04280F9B2728C5
:1054D0000A9E252C099B04280B992128089A1F2C29
:1054E0000C4A0D4B0C880D790D9303203C90010460
:1054F00018280E480F493E5000040F63824E9A113F
:10550000824F9C110E4C0F4D3E5000FC3F63824E6B
:105510009411824F96113C4000040D430A3C0C4309
:105520000D43824A9A11824B9C118243941182430B
:1055300096110A4C0A5A0A5A0A5A0A5A0A5AB012B8
:10554000B246085808580858085808580E4F0E8890
:105550000E9A042C0A8E3A900300062CB012B24622
:105560002F53824F9201033C0A5F824A9201B2F0AC
:10557000FEFF8201B2D010008201384139413A4128
:105580003B4130410B120A124B4FB012644A4A4F52
:10559000C2932E110C20D2432E11C24B77115F43C0
:1055A000B012744B4F4AB012764A4F43213C4E4BD7
:1055B00012C34E1012C34E1012C34E104E4E5F4E09
:1055C000BB111D434C4B7CF007004C9303240D5D35
:1055D0007C53FB3F4D4D4DBF05204DDFCE4DBB11E4
:1055E0004B43023C7B4005004F4AB012764A4F4B7A
:1055F0003A413B4130414F9302245F930320B01264
:10560000845530415F4330414F9302245F93032020
:10561000B012F65530415F4330410B120A120912A5
:10562000081207124B4F0A4EB012644A484F5E42AE
:10563000B3113EF020000524B012764A7B400500ED
:105640005C3CE2932E1103205E420F11013C7E432D
:105650004E9B4F205C4A01003CF003000C5C0C5C4C
:105660000C5C5D4A010012C34D1012C34D103DF099
:1056700007000D5D0D5D0D5D0D5D0D5D094C09DDD6
:1056800039D00002674A77D080FFB01242460B4FF4
:105690003BD080005D4A010012C34D1012C34D1073
:1056A00012C34D1012C34D1012C34D105E4A0200BA
:1056B0001EF30E5E0E5E0E5E4EDD4E4E0F4E8F10D2
:1056C0003BF0FFF00BDF0E4F0E5E0E5E0E5E0E5EC9
:1056D0003BF0FF0FD243B3110F4B0FDEB0123C462D
:1056E0008249A2014E47C24E80009243A6014B431D
:1056F000013C7B424F48B012764A4F4B374138410C
:1057000039413A413B413041B012644AF2F0FEFF68
:105710003600B012764A3041B012644AF2F0FDFF12
:105720003600B012764A3041B012644AF2F0FBFF04
:105730003600B012764A30410B120A124A4FB012AC
:10574000644A4B4FE2932E1103205E420F11013C3D
:105750007E434E9A8A205D42B3114F4D3FB20924D9
:105760008293A81106204F4BB012764A7F40060064
:10577000803C3FF0200006244F4BB012764A7F4019
:105780000500773C7DD02000C24DB311C24E4E11B2
:105790004F43B012A8467FF00F007F92472C0E4F68
:1057A0003EF00F000E5E5F423700104E92795FD3DD
:1057B000C24F3700B0120857393C6FD3C24F370081
:1057C000B0121857333C6FD2C24F3700B01228576F
:1057D0002D3C7FD2C24F37005F4236007FF0F7FF8B
:1057E000233C7FD01000C24F37005F4236007FF06D
:1057F000EFFF1A3C7FD02000C24F37005F423600D7
:105800007FF0DFFF113C7FD04000C24F37005F4286
:1058100036007FF0BFFF083C7FD080FFC24F3700CB
:105820005F4236007FF07F00C24F3600B2D01000DA
:10583000A001B2D00300A0015F42B3113FF04000CD
:105840000F2482436401A2426401B240E00064017B
:105850001E4260013EF0CFFF3ED01000824E60013C
:105860004F4BB012764A4F43043C4F4BB012764A2E
:105870005F433A413B4130410B120A12B012644A75
:105880004A4F1E42A2015EF30524B012764A7F40C1
:105890000500103CB01230460B4F3FF0FDFFB01238
:1058A00036460F4B3FF0DDFFB01236464F4AB0127E
:1058B000764A4F433A413B413041B012644AF2F0DC
:1058C000BFFF1D00B012764A3041B012644AF2D0D8
:1058D00040001D00B012764A30410B12B012644AEB
:1058E0005B424112B012764A0F4B0F5F0F5F0F5BA6
:1058F0003F502E010E4F3ED000407F401800B012A6
:10590000BE503B4130410B12B012644A4B4FC29320
:10591000751104241E43C293B31201200E434E4E50
:105920008E100E5E0E5E0E5EC293841104241D4323
:10593000C293361201200D433ED0E2220D5D0D5D73
:105940000D5D0D5D0EDD7F401100B012BE504F4B5E
:10595000B012764A3B4130410B12B012644A4B4FB1
:105960005F43B012CE49F2F0DAFF70005F43B0122D
:10597000CE49F2F03F0004003E401B00FEF0EFFF76
:105980000000FEF0DFFF00003D4014116F4D7FD09E
:105990000500C24F7000D24D010071001D4212116E
:1059A000C24D74008D104D4DC24D7500C243730041
:1059B000EED30000EED20000FED20000F2D0400094
:1059C00004004F43B012CE49F2F03F000200F2F063
:1059D0003F0000004F4BB012764A3B4130410B1262
:1059E0004B4FB012644A4E4B3E502812CE930000EB
:1059F0000420DE4300004B43013C5B43B012764A77
:105A00004F4B3B4130410B120A124B4FB012644ACC
:105A10004A4F4F43B012DE594F932F20C24B0B1108
:105A2000C29308113C20F2900300221138207F40DD
:105A30000A00B012744B2C3CD2432211C2434012D4
:105A4000B0124A4C253CC293401222241E43F293CA
:105A500098110420C293091101240E430E931820BB
:105A6000F2930A110320C2430A11043C5E42091159
:105A7000CE439811C24309110B3C1E434D4B7DF0A0
:105A80000F004D9303240E5E7D53FB3FC2DE2411B5
:105A90004F4AB012764A4F433A413B413041C2939C
:105AA0002211D123C93F0B120A124B4FB012644A84
:105AB0004A4F4F43B012DE594F9306244F4AB0125B
:105AC000764A7F4005001E3CC29308111E20F290CA
:105AD000030022111A200B3CE2432211C243401260
:105AE000B0124A4CC29308110620B0125859C24B4A
:105AF0000B114B43033CC24322110A3C4F4AB012E4
:105B0000764A4F4B3A413B413041C2932211E42740
:105B1000B012644AC2432812B012764A5B43EE3F89
:105B2000A2436E11D2438111E2920B1105246F4200
:105B3000B012A65A4F930320B0126A4D30416F4203
:105B4000B012065A30410B12B012644A4B4F829386
:105B50006E111824C24381115E4276114E930324C4
:105B6000F2B220000520D2B3200008204E93032477
:105B70007E53C24E7611B012205B073C92436E11E9
:105B8000C24376116F42B012BE4D4F4BB012764AEF
:105B90003B413041B0126447B012B04DB012644B7B
:105BA0007F42B012144B7F42B012144BB012B04D72
:105BB0006F42B012BE4DB012465B30410B120A125A
:105BC0000912081207121742EE11C293A011022403
:105BD0003040BE5E1F42A2113FB040000220304064
:105BE000565E7FF0BFFF7F903F0002243040BE5ED4
:105BF0001B4234116E4BC24E71111F426E113F9009
:105C0000050039243F90060084242F93022430405D
:105C1000465EB24005006E115D4252114D9E272432
:105C20002628F2B220000820D2B3200005204F4ED3
:105C30007FE34F5DC24F52117E902A00182C4E9385
:105C40000E240F4B1F537E9203287E400700033C17
:105C5000B24006006E11B012D44C3040BE5EC2435A
:105C60008111B012B04D6F42B012BE4DE93CB0127E
:105C7000945B3040BE5EB24006006E11C293841148
:105C80004124C29336123E205F4B02008F105E4BC0
:105C900001000FDE3FF0200035245A4B07008A1028
:105CA0005F4B06000ADFB012644A19429E11B0121F
:105CB000764A0A9908245F4B07008F105E4B060056
:105CC0000FDE3F931F205F4B02008F105E4B0100E1
:105CD0000FDE3FF007001F931520B012B04DB01239
:105CE000644B7F400A00B012144BB012B04DB0129A
:105CF000644B5E4271117E50F9FF0F4B3F52B01260
:105D0000004DDD3C5E4271117E50F9FF0F4B3F525A
:105D1000A23FB012B04DC293761103206F42B01271
:105D2000BE4DC29376110324F2B220000B20D2B3F1
:105D3000200008245A42A0124A930424F2900B0037
:105D400071110E2C1F423411CF432D00CF4331006F
:105D5000CF433000CF432F00FF4080FF2E00373C61
:105D60005942A6125A9319200F490F5F0F5F3F50F7
:105D70004C12284F1C4F02001D423411CD483100F7
:105D80000E4C0F488F108E104FEE0FEECD4F30009F
:105D9000CD4C2F008C10CD4C2E00195379F00700FC
:105DA000C249A6127A53C24AA01211241F423411CA
:105DB000CF432D00CF433100CF433000CF432F00DE
:105DC000FF4080FF2E00C243A612C243A0125F42D2
:105DD00071110F5BCF9300003334079331245F4B75
:105DE00002008F105FDB01007FF007001D423411BD
:105DF0006F931F201F4286110F932224B290070039
:105E00001E111E20DF9D030003001A20B2F0EFFFD9
:105E100086016E4DDF432C000E5DDF4EFFFF280034
:105E20006E4E7EF07F00CF4E29004F43B012964D4C
:105E3000073C5F9305207F400D00B012744B3F3C40
:105E4000B012465B3C3CC2438111B012B04D6F4270
:105E5000B012BE4D343C7F903E003120B012B04DA8
:105E6000B2921E111120B012644B7F400900B01293
:105E7000144BB012B04DB0127A4E92431E117F40B7
:105E80000300B0127A4D1B3CC293B8120520A24207
:105E90001E11B0122650133CB0127A4EB2400300CD
:105EA0001E11B012BE453E403601B012F4770E4FBF
:105EB0003E500B00824E4C110F43B012B44F37418D
:105EC000384139413A413B4130410B120A120B4FE4
:105ED000B012644A4A4F0F4BB0121E47FF403F00BA
:105EE00000004F4AB012764A8243AC126F43B012A0
:105EF000DE594F936E205F4243124E4F5E53C24EA7
:105F00004312CB4F0300B012644A4A4F6F43B012A2
:105F1000444B4F930B204F4AB012764AB012644A5A
:105F2000C2432A12B012764A5F43553C6F42B01208
:105F3000C852824BAE114F4AB012764A5F4B0200F4
:105F40008F105E4B01000FDE3FF020CC4E4F3ED055
:105F500041008F104F4F8F100EDFCB4E01008E107F
:105F6000CB4E0200CB432C00CB432800CB4329006F
:105F7000CB433100CB433000CB432F00FB4080FFAD
:105F80002E00D2432C121B42AE11B012644A1E42A4
:105F90001E113E9202241E930324B012764A143C32
:105FA000A2431E11D243B812824B8611C2433B1149
:105FB000B012764A7F400300B012A65A4F930624CF
:105FC0007F400300B012065A4F43053CB012DC522A
:105FD000FB3F7F4005003A413B4130410B120A1222
:105FE00009120B4D4A4C7C901D004F2CCD4F0B00DD
:105FF000CD4E06008E10CD4E0700B012644A1942F5
:106000008211B012764ACB4904008910CB490500B1
:10601000B012644A19420611B012764ACB49080000
:106020008910CB4909005F4B01003FD040885E4B8F
:1060300002008E100FDECB4F01008F10CB4F0200FD
:106040004F4A7F500D00CB4F0000C293031108242C
:10605000C24303110F4BB012CA5E4F930F20193C7D
:10606000C24AAC11C243AD11824B18117F400E00E1
:10607000B012744BC29303110A24033CF243031180
:10608000083CC2438E114F43043C6F43023C7F40A7
:10609000090039413A413B413041B012B852D24235
:1060A0007411FF11C243FE111F425411C24F01125D
:1060B0008F10C24F0012F243F811F243F911F2406F
:1060C0000600FD118293B4111C20B240F211B411EC
:1060D000F2401100F211C29300111124C2430011C9
:1060E0006C423D40F2113E437F400600B012DC5F3F
:1060F0004F930524D24300118243B4113041D2435F
:106100002C1130411F42B0113F90E903042CF240A2
:1061100003007411053C3F90A00F0628E242741161
:10612000B240F4015411133C1F4256113F90A00F8E
:106130000328E2437411F43F3F90E903032CD24358
:106140007411EE3FF24005007411824354115F4216
:1061500074115F920D110D244F930B24C2932C11D7
:106160000220B0129A60D24274110D119242541161
:106170002A11C293B2110320F2427411103CC2934F
:10618000A2121024C29370112F205F425A114F9314
:106190001724C293BA111424F240060074118243EA
:1061A0005411243CC29370111F245F425A114F9323
:1061B0001024C293BA110D24F24006007411113C50
:1061C0004F931224C293BA110F24F24007007411A6
:1061D000E63F4F930924C293BA110624F240070008
:1061E000741192435411023CC24374115F42741102
:1061F0004F9312245F920C11042092922A11541191
:106200000B24C2932C110220B0129A60D242741156
:106210000C11924254112A1130414F9303245F9381
:106220003C201E3C4E933920824D5611D2433A11E8
:10623000C29388113224C2937F112F24C293531129
:106240002C24C293F0112924C293B9122624C2939C
:1062500085112324C293A6112024B0120461304179
:106260004E931B20824DB011D243A611C2938811C8
:106270001424C2937F111124C29353110E24C2938C
:10628000F0110B24C293B9120824C293851105247E
:10629000C2933A110224B012046130410B120A1267
:1062A0004B4F6F93052C4F4F0F5F1E4F2A7A023CC6
:1062B0003E400E7A6F4E7FF00F007F900C0023243B
:1062C0004B9303245B932220023C4F43013C5F43EA
:1062D000B0121A564A4F4F930D20C243AA114B9346
:1062E00003245B931520023C4F43013C5F43B012F3
:1062F00038570E3C4F4BB01286520D434E4A4F4B0F
:10630000B0121A62053C7A400600F43F5A43F23F4D
:106310003A413B4130414F9303245F930620033CB5
:10632000B0129C623041B0129C6230410E4F5F420D
:106330000E111E9303243E90030005207F93072433
:10634000B012166330417F930224B01216633041BD
:106350000B120A120B4F1F4246120E4F3E532E9342
:106360000C2C0B9F5C244F4BB0126E534A4F4F9333
:106370005B209293461245203E3C0F931F204F4BCB
:10638000B0126E534A4F4F934F201B930A20E2B333
:10639000D8110E430E6E4E9304243D4046000E432A
:1063A000043C3D4011000E434F43B0124A54F2F0FA
:1063B000FDFFD8112B53824B4612363C0E4F3E50F8
:1063C000FBFF2E93272C4F4BB0126E534A4F4F9327
:1063D0002B20F2F0FDFFCE111E4246120D4E2D82F3
:1063E0000B9D0620824B46120F4BB0122C631C3CB7
:1063F0003E9005000620A24246123D4011000E4389
:10640000063CB240030046123D4046000E43B01227
:106410004A540A3C2B530F9B05204A43053C7A40C3
:106420000900023C7A4005004F4A3A413B41304165
:106430000B121E4246120E9325240D4E3D532D93F2
:10644000092C824F46123D4014000E435F43B012A8
:106450004A54163C0D4E3D50FDFF2D930F2CB012AB
:1064600078584B4F4F9313201F424612F2F0FDFF16
:10647000C41182434612B0122C63093C0E9F0520C2
:106480004B43053C7B400900023C7B4005004F4BE1
:106490003B4130410B124B4F6F93052C4F4F0F5F19
:1064A0001F4F267A023C3F400A7A6F4F4E4F7EF0D4
:1064B00070007E90100003247E9050001B20F29309
:1064C0000E111120C24B0E114F930438C2434412D7
:1064D0001F43033CD24344122F43B01250634F93E7
:1064E0000C24F2430E114F4BB01274524F4BB012AA
:1064F000F655033C4F4BB01216633B4130410B1233
:106500000A1209120812071205120412044E054F4E
:1065100007430E470E5E0F4E0F5F0F5F0F5E3F503B
:10652000BC115E4F08006EB30220304048672A4F0E
:106530001B4F02001C4F04001D4F06000844094574
:10654000088A097B099D022C304048670420089C7A
:10655000022C304048675EF30424FFF0FDFF080082
:10656000083C084A094B085C096D8F4800008F49B8
:10657000020057931A24052867920224304054677A
:10658000363C1F4246123F90030003242F92E22024
:10659000033C92434612023CA24346125F420E1154
:1065A0007F93D824B0121663D53C1F4246123F9009
:1065B000050004243F900600CD20073CB012785817
:1065C0004F930E2082434612C53CB01278584F9329
:1065D0000720824346123D4000080E436F43043CAF
:1065E0003D4014000E435F43B0124A54B33CC243D3
:1065F0008811C2437F11C2435311C243F011C243F9
:10660000B912C2438511C2433A11C243A6115F4277
:1066100034005FF3C24FA212D24388115F422800B8
:106620006FF35E4301204E43C24E7011D2437F117F
:106630005F4234006FF35E4301204E43C24EB211FD
:10664000D2435311C29388111424C2937F11112491
:10665000C293F0110E24C293B9120B24C293851178
:106660000824C2933A110524C293A6110224B01241
:1066700004615F4228007FF25E4301204E43C24E18
:10668000B212D243F011C29388111424C2937F1125
:106690001124C29353110E24C293B9120B24C29336
:1066A00085110824C2933A110524C293A61102242D
:1066B000B01204615F4234006FF25E4301204E432A
:1066C000C24E5A11D243B912C29388111424C293F4
:1066D0007F111124C29353110E24C293F0110B2485
:1066E000C29385110824C2933A110524C293A611BE
:1066F0000224B01204615F4228007FF040005E4334
:1067000001204E43C24EBA11D2438511C293881163
:106710001424C2937F111124C29353110E24C293E7
:10672000F0110B24C293B9120824C2933A11052424
:10673000C293A6110224B01204614F43B01208564E
:106740005F43B0120856063C1753379005000224E9
:10675000304012656F42B012744B344135413741BD
:10676000384139413A413B4130410B120A124A4FFC
:106770004E4F0E5E8E43B411C24300111D42B41140
:106780000D9304245F42AA121FF30224D243001186
:10679000C293001113205E4D07008E105B4D060062
:1067A0006C4D7C50F3FF0EDB5F4D0B00B012DC5FD5
:1067B0004F9304247F401000B012744B4A9304207E
:1067C000C2432C11B012B8523A413B413041C293FE
:1067D00000110620829FB41103204F43B0126A6754
:1067E00030410B120A120912081207120612315018
:1067F000F6FF7F90110002283040446F4F4F0F5F2B
:10680000104FA2795F422D12B01286521D42B01273
:106810004E435F422D12B0121A623040446FB012E4
:10682000644AD24277110F11E2432E11B012764A18
:106830005F420F114F9305245F9302243040446F51
:10684000023C4F43013C5F43B01294643040446FBC
:10685000F2930E1102203040446FC293441203247D
:106860003F400600023C3F400500B01230644F93A9
:106870000420F2430E113040446F6F43E03CC2935A
:10688000721128201A4248121B424A12B012644A5E
:10689000184294111942961118529A1119629C11BA
:1068A000B012764A824A4812824B4A12C24372118F
:1068B000B012644A82489A1182499C11824A94110A
:1068C000824B9611814F0800B0128E541F41080070
:1068D000B012764AB012CE533A3CB012CE53084EA4
:1068E000094FB2F0EFFF820146433A433B40FF7F3E
:1068F00007430E470E5E0F4E0F5F0F5F0F5E3F5058
:10690000BC11EFB3080013240C480D492C8F1D7FD8
:1069100002001E4F04001F4F06000E8C0F7D0F9BC0
:10692000033805200E9A032C0A4E0B4F564317537B
:1069300037900500DE23469302203040446F0B93CE
:1069400004381B9308341A93062C0E480F49B012D2
:10695000FE643040446F824A4812824B4A12D2434E
:106960007211B012644A82489A1182499C11824A7B
:106970009411824B9611814F0800B0128E54304012
:10698000B86CB012644A4B4F5F43B012C446924396
:106990001E11C2431C11C2435B11C24373114F4B02
:1069A000B012764AB012644A814F0800B0126447B0
:1069B00092436E11C2438111F2F0FEFF2500F2F006
:1069C000FEFF2300D2D32400D2D325001F410800AC
:1069D000B012764AB012644A4B4FA292261105209B
:1069E0007F400300B012144B4F4BB012764AB012E6
:1069F000644A4B4FB012B04D4F43B012BE4D4F4B97
:106A0000B012764A6F43B012C852B012644AF2E034
:106A100020003100B012764AB012CE53824EE411FB
:106A2000824FE611B2406400E8118243EA115F42EE
:106A3000EC117FF0FEFF6FD3C24FEC116F42B0122A
:106A4000744B3040446F4F43B012C8523040446FD3
:106A5000B012644AB012764A7F400300B012444B31
:106A60004F933D24B012644A4B4F82431E11B2F043
:106A7000EFFF8601B2F0EFFF8401F2F0FDFF1F008F
:106A80007F400300B012BE4DB012B04D4F4BB0125C
:106A9000764AB012644A82436E11814F0800B012E8
:106AA0006447B012B04DF2F0FEFF2500F2F0FEFF99
:106AB00023001F410800B012764A82432611B0120B
:106AC000BA58B012644AF2F0DFFF1D00B012764AE5
:106AD000B012CA587F400600B012744B033C6F439B
:106AE000B012C8521B42AE11B012644AC2432A12FD
:106AF000B012764A8293AC1202243040446FF243C3
:106B000003110F4B3040F86EB012644A4B4FC293E2
:106B1000B6120E20D243B612A292261104205F4371
:106B2000B012065A043C7F400900B012744B4F4B20
:106B3000B012764A3040446FB012644AC243B61273
:106B4000F73FB012644A5B420B11B012764A7B9059
:106B5000050002283040446F4F4B0F5F104FC4793F
:106B6000B012644BB012644A4B4FA2932611E0233B
:106B7000B240030026113E4018007F401D00B012B5
:106B8000BE50F2F0EFFF2500F2F0EFFF2300F2F02D
:106B9000EFFF2400F2D0100025005F43B012144B29
:106BA0003E407F027F401C00B012BE50B012DA5847
:106BB000B01206593E40562A7F401700B012BE5010
:106BC0003E40FF807F401500B012BE50B03FB01273
:106BD000644B7F400600B012144BB012DA58B0126A
:106BE0000659B0127A51B012B04DB012644B7F40CA
:106BF0000300B012144BB012B04D5F43B012BE4D43
:106C00007F4009001C3FB012644BB012644A4B4FE6
:106C1000B012FA4A4F9304244F4BB012764A0D3CFF
:106C20004F4BB012764A7F405300B01216464F4386
:106C3000B01216464F43B0121646B012B04D6F4315
:106C4000B012BE4D3040446FB012644A5B421E1118
:106C5000B012764A6B9208247B920A246B931E2012
:106C6000B012DC523040446FB01226503040446FB6
:106C7000B012644B7F400900B012144BB012B04DFB
:106C8000B0127A4EB012644A92431E11B012764A84
:106C90007F400300B0127A4D3040446FB0127A4EFC
:106CA0003040446FB0126A4D3040446FB012644AB5
:106CB000814F0800B012BC5B1F410800393FB01281
:106CC000644AD24240120811F24003002211B0126D
:106CD000764AC29308110220B0125859C293081183
:106CE00002243040446F7F400A0030403E6A1A421E
:106CF00034116B4A4E4B0E5A6F4E4F5F0F430F6F5E
:106D0000CA4F2B006F4E7FF07F00CA4F2900DA4E2A
:106D1000FFFF2800574A0200584A0100B012644A97
:106D200056427511B012764A469343244E478E1050
:106D30004F480EDF8E104E4E12C30E1012C30E10AF
:106D40003EF003002E931D20584A070088105F4A2A
:106D5000060008DFB012644A17429E11B012764A4C
:106D600008970B245F4A07008F105E4A06000FDE6B
:106D70001E433F9303240E43013C1E430E931920F0
:106D80009F3C3E9003009C209142381200009142AB
:106D90003A12020091423C12040091423E12060057
:106DA0003D420E410F4A3F500600B012FC770F9350
:106DB00087207B900D0084281A4234115F4A02001C
:106DC0008F105E4A01000FDE0E4F8E104E4E12C322
:106DD0000E1012C30E103EF003000C4A3C50060089
:106DE0008F104F4F7D40060012C30F107D53FC23C0
:106DF0003F90030002242D43013C3D423E9003009E
:106E000002242F43013C3F420C5F0B430F430E4CC7
:106E10000E5F6E4E0B5E1F530F9DF93B574A0300EA
:106E2000F243AE12B012644A5C42AE123E403C11D4
:106E30000D432B9E0720CE9702000320C24CAE12BA
:106E40003B3C4C4D1D532E522D92F323C24CAE129F
:106E5000B012764A5842AE12B012644A78930324B4
:106E6000C2981A11042058421A115D43013C4D4347
:106E70004E480E5E0E5E8E4B3C11CE473E114D933A
:106E800007245E421A115E537EF00300C24E1A11AF
:106E9000B012764AB012644A484F0F4AB0121E47E9
:106EA0006B4F4F48B012764ACA932B0007247B9051
:106EB0003F000420B012644AB012764A824A34116C
:106EC000B012644AC2438111B012764AB012465BD6
:106ED000393C5F428E115F9203113424C24F03117B
:106EE0004F930D201F421811B012CA5E4F932A24EF
:106EF000F24303111F421811B012CE67233CF24334
:106F00000311203CC293AA121D243B40B4114843F4
:106F10005A435F42AA124ABF0B248B4300004FCA58
:106F2000C24FAA1248930420C2432C11B012B85287
:106F30004A5A58532B537892EC23043C5F42001179
:106F4000B0126A6731500A00364137413841394141
:106F50003A413B413041F293A1120824B012E0497A
:106F60007F930624B012E2675F4330414F433041C4
:106F70004F4330410B120A1209120812071206126F
:106F800005127F920228304024734F4F0F5F104F3D
:106F9000CE791F4282018F105FF304241F429201B9
:106FA00030402473B2F0EFFF8201829394110920E4
:106FB0008293961106207F400300B012744B30403C
:106FC0002473B0128E54304024731F4284018F10FA
:106FD0005FF302203040247318429401B2F0FEFFA8
:106FE0008401B2F0FDFF8401B012864E0C4E0C8875
:106FF0000D43064E074F068C077D1F421E113F9022
:10700000050004243F900600BC209A3CB2400600D4
:107010001E11D2438011C2431C116F43B012C446EB
:107020001C428611CC4631000F460D478F108D1043
:107030004FED0FEDCC4F30000F47CC472F008F1096
:10704000CC4F2E00CC932D006424654C7550FBFF73
:107050004945095C6D490A430B430B4D8B100C43AA
:107060000D435D4901000CDA0DDB5A4903000B4367
:107070000CDA0DDB5A4902004BEA0BEA8B104A4A44
:107080008A100CDA0DDB0C860D77C94C03000A4D13
:107090008C108A104CEA0CEAC94C02000F4DC94D05
:1070A00001008F10C94F0000B012644B6C420D49B3
:1070B0004E450F43B0120251B012B04D6F490C4310
:1070C0000D430D4F8D100A430B435B4901000CDA51
:1070D0000DDB5A4903000B430CDA0DDB5A49020061
:1070E0004BEA0BEA8B104A4A8A100CDA0DDB0C567D
:1070F0000D67C94C03000F4C0C4D8F108C104FECDA
:107100000FECC94F02000F4DC94D01008F10C94F40
:1071100000001D4286115F4D02008F105D4D010081
:107120000FDD3FF020000224D2435B11B0127A4EF3
:10713000B2F0EFFF8601E2B31C000224304024735A
:10714000C24380115F43B012C4461D4286115F4D99
:1071500002008F105D4D01000FDD3FF0200009247B
:10716000B24007001E113E4000010F43B012B44F61
:10717000033C4F43B012964DE2B31C000220304056
:107180002473C2931C112720C29380112420D24360
:1071900080116F43B012C4465C421C005D42A012D5
:1071A0007D920E2C4F4D5F52A6123FF007000F5FED
:1071B0000F5F8F464C128F474E125D53C24DA01287
:1071C000D2431C118248A411E2B31C00AB204E4CE8
:1071D0006EF35A4301204A43D2938011A320C24345
:1071E00080115F43B012C446C2431C114A939A20D7
:1071F0000F481F82A4113F900A00942C5F42A012F6
:107200004F9303247F53C24FA0121F4286110F9346
:107210008924CF432D00CF433100CF433000CF43EB
:107220002F00FF4080FF2E007D3C1F4286018F1003
:107230005FF303241F429601753CB2F0EFFF860115
:1072400082937A11462082937C1143201F421E11A3
:107250003F50FDFF3F9006002F2C0F5F104FDE794F
:10726000F2B0100020000824A2421E113E40070088
:107270000F43B012B44F203CB012F84F1D3C7F407A
:107280000300B012A65A4F9305247F400300B012AA
:10729000065A123CB01226500F3C4F430B3C7F4025
:1072A0000900B012144B5F43B012C446B0127A4EBC
:1072B0007F400700B012964D929326113320A243CF
:1072C0002611B012BA58B012CA584F43B012065A1B
:1072D000293CB012D04E263C1F4288018F105FF32C
:1072E00021241F4298011E3C1F428A018F105FF328
:1072F00019241F429A01163C1F428C018F105FF324
:1073000011241F429C010E3C1F428E018F105FF31F
:1073100009241F429E01063C925390119253B611CC
:107320008263B811354136413741384139413A41DC
:107330003B4130410F120E120D120C124F43B0128E
:10734000FE493C413D413E413F41B1C0F00000009B
:1073500000130F120E120D120C121F422E014F4F6E
:1073600012C34F10B012FE493C413D413E413F41E6
:10737000B1C0F000000000130F120E120D120C121B
:107380004F43B012746F3C413D413E413F41B1C05B
:10739000F000000000130F120E120D120C121F420B
:1073A0001E014F4F12C34F10B012746F3C413D414C
:1073B0003E413F41B1C0F000000000130F120E1219
:1073C0000D120C120B121F42A8013F9005000A2C4F
:1073D000B01242461E42A6010E9390243FF0800058
:1073E0005E4301244E435F42B3113FF01F003F5301
:1073F0003F901000812C0F5F104FEA79B012DA47EE
:107400001E4240015F424E11B0127E4C773C1E423C
:1074100040015F424E11B0127E4C4F936F246C3C82
:107420001F4250110F5F1C42A8110C5F5B42781184
:107430000D434F4D0F5F3F504001AC4F00002C53A8
:107440001D530D9BF62B1B525011824B50114E9326
:107450002920829B58115220253C1D4250110F4D6E
:107460000F5F1B42A8110B5F1F4258110F8D0D4F6C
:107470003F90110002283D4010000C434F4C0F5F1D
:107480003F504001AB4F00002B531C530C9DF62B7B
:107490001D525011824D50114E9304201F4258111D
:1074A0000F9D0520B012DA4782435011273C0F8D03
:1074B0003F901000232C4F43B012A8467FD080FF8E
:1074C0005E4258115E8250114E4E3E5080004F4F2A
:1074D000CE4F0000133C1D42A8114E434F4E0F5F8C
:1074E0003F504001AD4F00002D535E534F4E1F9251
:1074F0005811F42B8243A811B012DA473B413C41AA
:107500003D413E413F41B1C0F000000000130F1269
:107510000E120D120C1221835E4223005F422500E1
:107520004FFE4F4F814F000091B300000E24F2F048
:10753000FEFF230092936E110520A2436E11B0123C
:10754000205B563CD2537611533CA1B30000052476
:107550005F4223007FF0FDFF493CA1B200000524FB
:107560005F4223007FF0FBFF413CB1B200000524E5
:107570005F4223007FF0F7FF393CB1B010000000FC
:107580001B24F2F0EFFF2300A2422611F2F0EFFFDE
:107590002500F2F0EFFF23000E437F401D00B012E4
:1075A000BE50B0127A51B012B04DB012644B7F4051
:1075B0000500B012744B1C3CB1B020000000052443
:1075C0005F4223007FF0DFFF113CB1B040000000BC
:1075D00005245F4223007FF0BFFF083CB1B080006C
:1075E000000006245F4223007FF07F00C24F23008B
:1075F00021533C413D413E413F41B1C0F0000000BC
:1076000000130F120E1221835E422B005F422D00E9
:107610004FFE4F4F814F000091B3000005245F42A1
:107620002B007FF0FEFF3B3CA1B3000005245F422E
:107630002B007FF0FDFF333CA1B2000005245F4228
:107640002B007FF0FBFF2B3CB1B2000005245F4212
:107650002B007FF0F7FF233CB1B0100000000524A1
:107660005F422B007FF0EFFF1A3CB1B0200000001A
:1076700005245F422B007FF0DFFF113CB1B04000DA
:10768000000005245F422B007FF0BFFF083CB1B033
:107690008000000006245F422B007FF07F00C24F75
:1076A0002B0021533E413F41B1C0F00000000013C8
:1076B0000F120E120D120C125E4276005F42221162
:1076C0004F931C24183CC293081118201F42EE113E
:1076D0000F9304241F52A412CF4EFFFF9292A812C0
:1076E000A412032CB0127E4A093CF2F0BFFF000046
:1076F000B012BC5B033C7F900300E5273C413D4159
:107700003E413F41B1C0F000000000130F125F4244
:1077100070003FF0200006245F4270002FF2022428
:107720005F4270003F41B1C0F000000000130B1237
:107730000A12091208120712061205120412084C46
:10774000094D0A430B430C4E0D4F0E430F43B0122D
:107750009A773441354136413741384139413A41D0
:107760003B4130410B120A1209120812071206128D
:107770000512041218411200194114001A41160092
:107780001B411800B0129A773441354136413741D8
:10779000384139413A413B413041044305430643B6
:1077A00007430E3C12C30B100A10091008100428DE
:1077B000045C056D066E076F0C5C0D6D0E6E0F6F31
:1077C0000893F0230993EE230A93EC230B93EA2307
:1077D0000C440D450E460F4730417C4010000D4EC5
:1077E0000E430F5F0E6E0E9D02280E8D1FD31C835D
:1077F000F8233041B012DA770F4E30410B120D935F
:107800000A247B4F7C4E4B9C04244F4B4E4C0F8ED6
:10781000033C3D53F43F0F433B4130410B120A12EE
:107820000912081207120D9370240F9E6E24342C37
:107830000C4E0CDF1CF31B240C4E0CEF1CF307202A
:107840002D9307280B4E1BF32C430C8B033C0C4D44
:10785000013C1C430D8C0A4C094E0B4FFB490000A8
:107860001B533A53FB230A4F0A5C0E5C013C0A4F40
:107870000B4D12C30B100B24094B084E0C4ABC488D
:1078800000002C533953FB230B5B0E5B0A5B1DF38B
:107890003C24EA4E0000393C0E5D0C4F0C5D0B4C55
:1078A0000BDE1BF31B240B4C0BEE1BF306203D9051
:1078B000030003280B4E1BF3013C0B4D0D8B094EAF
:1078C0000A4C084B088C3A533953EA490000074ADE
:1078D0000758F9233BE31B530C5B0E5B0B4D12C3A4
:1078E0000B100E240A4B084E094C28832983A94803
:1078F00000003A53FA230A8B0B4A0B5B0E5B0C5BBE
:107900001DF30324DC4EFFFFFFFF374138413941AF
:107910003A413B4130410B120A12091208123D90C4
:107920000600092C0C4F043CCC4E00001C533D5368
:107930000D93FA23203C4E4E4B4E0B9303240C4BDD
:107940008C100BDC1FB306243D53CF4E0000094FB3
:107950001953013C094F0C4D12C30C100A49084C35
:107960008A4B00002A533853FB230C5C0C591DF33F
:107970000224CC4E0000384139413A413B4130416C
:027980000013F2
:10798200884792479C47A647B047BA47C447D24761
:10799200AE57BA57C657D257E257F4570658185837
:1079A20004681E6850687E68DA688269466A506AAE
:1079B200086B386B426BAC6CBE6CEE6CD26E046FB3
:1079C2003C6F606BCE6B066C486CA46C926FCA6F96
:1079D2002A72D872E872F8720873187360727E7233
:1079E2009E72B8729A727E72FC730E74F8745A7434
:1079F200F874F874F874D674F874F874F874F87447
:107A0200F874F874F87420740C0000000C00000084
:107A1200970104009601040000001000500090003D
:107A2200D000F000167A127A167A127A009C0208B6
:107A320001FFFFFF2200010001FFFFFF0805FFFF1A
:087A42000100020012A2010084
:10FFE000BA450276BA45BA450E7552733473BC737E
:10FFF0000C77B076BA45BA4596737873BA45004027
:0400000300004000B9
:00000001FF
