:104000005542200135D0085A82454E1331400039BF
:104010003F403A000F93082492424E1320012F8311
:104020009F4F40790011F8233F4014020F9307245B
:1040300092424E1320011F83CF433A11F92321836B
:10404000B0123C4A474F3D4013003E40FF003F4006
:104050009211B0126878F2432B13F2434A13B24024
:10406000805A2001A242600182432E01A2428001B7
:1040700082431E01B24020026001B2402001800153
:10408000F24084FF5700C2435800B2400040820112
:104090003B400C003D4000080E430C4D0CDE5942E5
:1040A00057000A4C8A107AF0070079F0F8FF4AD9D5
:1040B000C24A5700C24C5600794003000A430843E5
:1040C0000F3C18429001385282489201B2F0FEFF34
:1040D000820192B38201FD271F427001084A0A4FF4
:1040E0007953EF230A883A900104012C0E4C0D11EC
:1040F0003B53D3230F4E3FF0E0003F90E0000220FF
:104100003EF0E0FF5C4257000D4E8D107DF0070041
:104110007CF0F8FF4DDCC24D5700C24E56005E42A7
:1041200057007EF007007ED080FFC24E5700E2426B
:104130005800F2F0FDFF000082437001B24002021D
:10414000600182439001B240020180011E42600181
:104150003EF0CFFF3ED02000824E60011E42800123
:104160003EF0CFFF3ED02000824E8001C2432600A9
:10417000C2432E00C2431B00C2431F00C243330090
:10418000C2433700C2432100F240E0FF2200F24068
:1041900030002900F2407B002A00C2431900F2409F
:1041A000F1FF1A00F240DDFF1D00F240FDFF1E008E
:1041B000F2433100F2433200C2433500F24336008D
:1041C000C2432500C2432D001F4270011E427001F0
:1041D0000E8F3E900128FA2BE2D31A00F2D21A0079
:1041E000F2D080FF1E00F2D010001E00F2D080FF3F
:1041F0001D00F2D010001D0003430343F2F0EFFF57
:104200001D00F2F0F7FF19005F43B0122A474F4339
:10421000B0122A475F43B0122A475F43B0122A47C1
:104220005F43B0122A474F43B0122A474F43B012A0
:104230002A475F43B0122A47F2D010001D00F2D285
:104240001900E2D31900F2D010003200F2D02000A1
:104250003200F2D040003200B012FE56B0120E57BB
:10426000B0121E57B0125E724F93FC23F243371305
:10427000C243E811C243EA11F2400A00A212C2434B
:10428000D211C243DA11C2432C1382434C13C243EE
:104290004213C2430012B0126C46C243F311C24330
:1042A000F211F243B611B2437C11C2437E11B24304
:1042B0008011C2438211B2438411C2438611B243BA
:1042C0008811C2438A11B0128845C24FC7121F42DB
:1042D00038111F53824FC8118243CA11B240F612DF
:1042E0007011F2F0EFFF2200E2D21E00F2F0FDFFAB
:1042F0001E00B2F0EFFF8601B24000408601F2439B
:10430000D811F243D911C243AC12C243AD12C24319
:10431000AE12C243AF12E2D21E00F2D040001E0025
:10432000F2D020001E00B0123C4A1B422411B012F1
:104330004E4A824BE011B0122648824CBC12824D8C
:10434000BE12824EC012824FC212D2422311C0113D
:10435000C243C111F2401F00AA12F2401A00C51256
:10436000B0122648824CBC12824DBE12824EC01240
:10437000824FC2123E40BC120D4E3D5007000C430E
:104380006F4EEE4D0000CD4F00001C531E533D53A9
:104390002C92F623D243AF11C2433E13D243C31132
:1043A000C243BA12B2F0EFFF8201B2400040820174
:1043B000B0125E724F93FC234F47B0124E4A32D276
:1043C000B0123C4A4E4FF2900A00A2120624E2922A
:1043D000BB110324B0124E4A073C4F4EB0124E4A56
:1043E0007F400D00B012F24A5F43B0127E5E4F93E1
:1043F0001920B0123C4A829368110324B0124E4A2D
:10440000193C92436811B0124E4AB0123C4AF2D0A5
:1044100020001D00B0124E4A3E4014000F43B0125F
:10442000E654083C6F43B012D8504F9303205F43CB
:10443000B012D850B0123C4A4A4F863CC2932A115F
:104440007724B2B0100062010820B2B010006401FD
:104450000420B2B01000660107241E4260013EF045
:1044600000033E9000022E245F4204003FB0C000D3
:1044700005245F4271003FF0200026205F420500C6
:104480003FB0300005245F4279003FF020001E203D
:104490005F4270001FF31C245F4271003FF0200058
:1044A0001A245F4272003FF0200018245F4270001F
:1044B0002FF217245F4270003FF0200015207E404D
:1044C0000500133C6E43113C6E430F3C6E430D3CA4
:1044D0007E4005000A3C7E400500073C7E4005000A
:1044E000043C7E400500013C6E43B2B01000A001C8
:1044F0001924B2B01000A2010524B2B2A2010F2407
:104500006E43103C1F42A2013FB000040B241D4229
:1045100060013DF000033D9000020420023C4E4348
:10452000013C6E437E90050001286E42C24E6E1122
:104530005E426E110E5E1E4E30793ED2814E0000FC
:1045400022D132C203430343F2932B137727B012D5
:10455000D0494B4F7F9372274F4AB0124E4A4F4B70
:10456000B012CA67673F32D0F000FD3F3040D278CA
:10457000F2F03F0004003F401B00FFF0EFFF00009F
:10458000FFF0DFFF000030410B120A12091208127F
:10459000071206123C404E830D431E42C8111F42B3
:1045A000CA11B0128076074D084E094F0E4C0F47C6
:1045B00012C30F100E10085E096F0993053438F30B
:1045C00039F0FF7F185309638248C8118249CA1124
:1045D0000F4836413741384139413A413B4130413A
:1045E000C24F77005F4202003FF04000FB27F2F02D
:1045F000BFFF02005F4276003041F2400700CD115C
:104600000F9308201F421C113F502C013F9088132C
:104610000C2C093C1F9309201F421C113F50D4FE53
:104620003F900807022C824F1C1192421C11A412C9
:104630004F433041D243CD110F9308201F421E112A
:104640003F502C013F9088130C2C093C1F930920EC
:104650001F421E113F50D4FE3F9009070228824F8F
:104660001E1192421E11A4124F433041C243CB127D
:10467000C243CA12E242BB11C243A712C243D012C4
:10468000C243BC118243FE1130411E4270013F9073
:1046900001800A283F5000801D4270010D8E0F9D41
:1046A000FB2F0E5F3F4000801D4270010D8E0F9D5D
:1046B000FB2F3041F2F0EFFF2A003041F2D0100022
:1046C0002A0030411F429001013C0F4E1E429001D2
:1046D0000F9EFB233041B2F0EFFF8401E2D31F00B5
:1046E000B2F0FEFF8401B2F0FDFF84014F4F8F1046
:1046F0007E4006000F5F7E53FD233FD00001824FB6
:104700008401B2D0100084014F433041F2F0BFFF6A
:1047100004003F401B00FFF0FDFF0000FFF0FBFF27
:104720000000FFF0F7FF000030414F9304245F4288
:1047300019006FD3043C5F4219007FF0FDFFC24FA8
:104740001900F2D21900F2F0F7FF19003041F2F02F
:10475000EFFF05003F403300FFF0FDFF0000FFF0DA
:10476000FBFF0000FFF0F7FF00003041F2F0CFFF49
:1047700005003F401B00FFF0BFFF0000FFF07F007F
:10478000000030415C4F02008C105E4F01000CDED7
:104790000E4C8E104E4E12C30E1012C30E103EF071
:1047A00003005D4E3C798D110E4C8E104E4E7C40B8
:1047B000060012C30E107C53FC235E4E3C798E1112
:1047C0000E5D3E5006000F5E3041F24080FF8E11BC
:1047D000C243BA11C2433213C2432A13C243B011B7
:1047E00030410D4F8D104D4D4F4F8F100DDF4E4E00
:1047F0000DEE4F4D12C34F1012C34F1012C34F1086
:1048000012C34F104E4F0EED4F4E8F100F5F0F5FC4
:104810000F5F0F5F0FEE4E4F0E5E0E5E0E5E0E5E72
:104820000E5E0FEE30410B120A12091208123150BF
:10483000F2FFC29362118120B012B446F2F0EFFF92
:104840002900B012BC463F403002B0128A46B01276
:10485000B4463F403C00B0128A460B43F2B0100011
:10486000280009243B5005003F400500B0128A464D
:104870003B90F000F3233F40A401B0128A463B90E6
:10488000F0005D2C7A427B4033001BB30B24B01246
:10489000BC463F400500B0128A46B012B4463F40C5
:1048A00041000A3CB012BC463F403C00B0128A4670
:1048B000B012B4463F400500B0128A4612C34B10F6
:1048C0007A53E3233A40B21279424B4312C34B105E
:1048D000B012BC463F400500B0128A46B012B44642
:1048E0003F400500B0128A46584228003F40410030
:1048F000B0128A4678B0100002247BD080FF795332
:10490000E523CA4B00001A533A90BA12DD230E4336
:104910004F435FEEB2127D420C4F1CF312C34F1097
:104920000C9302247FE08CFF7D53F6231E533E92AE
:10493000F0234F930620D24362114E43043C6E4253
:10494000023C7E400600C29362110A240F430D41CF
:104950000D5FDD4FB31200001F533F900600F72399
:104960004E9308243D420E430F413F500600B012C3
:104970006878163CC1430600F14012000700F14080
:104980006D000800F14045000900F14050000A00A8
:10499000D14102000B00D14101000C00E1410D00AA
:1049A0001C4106001D4108001E410A001F410C0069
:1049B00031500E00384139413A413B4130414F932B
:1049C0000324D24370003041F2F0FEFF700030410A
:1049D0005F422B134E4F3E5092116D4EC24D2B1322
:1049E0007D930220F2434A13FE43000030415F935F
:1049F0000C2403286F931820103C1F4262018F1073
:104A00005FF312241F42720130411F4264018F1074
:104A10005FF30A241F42740130411F4266018F1068
:104A20005FF302241F42760130415F43B012BE495A
:104A3000B0120C474F43B012BE4930410E4232C251
:104A4000034303433EF25F4301204F4330414F9302
:104A5000012432D23041B0123C4A4E4FC293081169
:104A60000820F29003003A110420B0124E4A5F432E
:104A700030414F4EB0124E4A4F433041B012564A69
:104A80004F9311248293F0111020B240A911F0111C
:104A90009243AA11C2437B119243BE11D242A91183
:104AA0007F004F4330415F4330417F40050030413C
:104AB0004E4F7E5083FF6E930A2CD2D33C117FE081
:104AC0002000C24FA612F2407D00A911023CC24F45
:104AD000A911B0127C4A3041B0123C4AF2F0FEFFFC
:104AE0003C11F2407E00A911B0124E4AB0127C4A2D
:104AF00030410B124B4FB0123C4A4E4BFE93921179
:104B000006201E43C29B4A1303240E43013C1E434E
:104B10000E930E20F2932B130320C24B2B13043C55
:104B20005E424A13CE4B9211C24B4A134B43023C96
:104B30007B400500B0124E4A4F4B3B413041C2937F
:104B400044112C204F932A20D2434411D2421211F7
:104B50004211D2B356110F430F6FC24F8F119242C1
:104B60000C114011D24254113E115E4256115EF3B7
:104B70005F4301244F435E4256117EF0FEFF4EDF3D
:104B80001FF30F5F924F0E110C117EF0E7FFC24E24
:104B900056117F401100B012F24A3041D2B3561183
:104BA0000F430F6F5E4256114F9303247EF0FBFFBD
:104BB000023C7EF0FDFFC24E56113041F2900A00D9
:104BC000A2120320E292BB110324D24358113041B8
:104BD0007F400E00B012F24AC24358113041E293B6
:104BE000261113205F4264115F9305207F40090066
:104BF000B012F24A083C6F930A20D242C412261126
:104C0000F240030064114F4330415F4330415F4342
:104C100030410B12B0123C4A4B4FC2934213082052
:104C20007F400C00B012F24A4F930220D24342134D
:104C30004F4BB0124E4A3B4130410B120A1209123F
:104C4000D2B33C110924F2F0FEFF3C11D242A6126D
:104C5000A911B0127C4A873C5F42A2127F537F9217
:104C60007D2C4F4F0F5F104FD4785F42DA11B01296
:104C7000B04A4B4FF2400300A2125E42DA110A3CE6
:104C80005F422C13B012B04A4B4FF2400300A21205
:104C90005E422C131F424C13B012E247824F4C135A
:104CA0005B3C5F4200120F5F3F50E8115F4F010015
:104CB000B012B04A4B4F594200124A490D4A0D5D9D
:104CC0003D50E8115E4D01001F424C13B012E24707
:104CD000824F4C135D42D2115D53C24DD211599394
:104CE0001B205E424C114F4E1F5252116F4F5E53AC
:104CF000C24E4C11C29E4E11032CE243EA114F43A7
:104D00000E4A0E5E3E50E811EE93000005247D939E
:104D10000324CE4F0100203CE242A2121D3C5F4220
:104D20004C13B012B04A4B4FF2400500A212143C93
:104D30001F424C138F10B012B04A4B4FF240060086
:104D4000A2120A3CB012D84A4B4FF2400700A212FE
:104D5000033CF242A212053C4B930524F2400900A9
:104D6000A212B012124C39413A413B4130410B1270
:104D70000A124B4F4A4E5F42BB115F930E24062826
:104D80006F933C247F900300E720463C4B93022026
:104D90003040804FB0126C46F13C4B93F1201F42E3
:104DA000FE11B012E247824FFE11E243BB11C24A2C
:104DB000D0127A904400D0205D4256115DF3032456
:104DC000E2B25611023CE2B356110E430E6E4E9300
:104DD000C3205F4256114D9302246FD2013C6FD322
:104DE000C24F56115F4256117FF0E7FF7FD2C24F8C
:104DF0005611C2435411F2431211C23C4B93AC20E2
:104E0000C24EBC111F42FE11B012E247824FFE118A
:104E1000F2400300BB11B43C5F42A7127F939C2475
:104E20004B9341246F9398285F42CA124F930224F8
:104E30007F53013C6F434E4F5E4ECC128E104F930A
:104E400002247F53013C6F434F4F5F4FCC120FDE64
:104E50001F92FE1181204F43B0123E4B5C42BC11A9
:104E60005E42F2115B42F3114F4E5F537F9006009A
:104E7000022C4D4F013C4D434D9B0C244E4ECE4CCD
:104E8000F411C24FF2117F9006000228C243F211C2
:104E9000B012124CB0126C46F2F0FDFF3C11C293FE
:104EA00058116E24643C6F9346285F42CB125E4FCC
:104EB000CC125F42561112C34F1012C34F1012C3CF
:104EC0004F103FF003001F9303242F932020133C27
:104ED0005F4256117FF0E7FF7FD01000C24F56119E
:104EE0004E9302244F43023C7F400500C24F5411B1
:104EF000C24E12110C3C5F4254117F903400072CBB
:104F00004F4F1F520C11CF4E0000D25354115D422F
:104F1000CB124F4D5E4FCC124F4D5F53C24FCB1251
:104F20007F9003000228C243CB121F42FE11B01231
:104F3000E247824FFE115E42CA124F4ECF4ACC1258
:104F40004F4E5F53C24FCA127F9003000228C243E4
:104F5000CA12D253A712143CB0126C46F2F0FDFFF5
:104F60003C115F43B0123E4BC29358110524E242FC
:104F7000BB11B012BC4B043C4B930224D243BB1177
:104F80003A413B4130410B12B0123C4A1D42D01114
:104F90001E422E130D9303240D5E6D4D013C4D43B7
:104FA000C24D77006E531D4234134C4E0D9C1C2C89
:104FB0004E4D1A3C5D4202003DF04000FB275B4233
:104FC00076001D42A0120D9303240C5DCC4B000013
:104FD0001D42D0110D9304241D522E136D4D013C22
:104FE0004D43C24D7700013C4E4E1C422E130D4CDA
:104FF0001D53824D2E130D9EDD2BB0124E4A3B41A8
:1050000030410B12B0123C4A5B43C293AC120124F4
:105010004B43B0124E4A4F4B3B413041C293661155
:105020003A20F29329113720B01202504F933324C3
:10503000D243C612C29390110224C243C612C29335
:10504000C6122B24F290030064112A20C293261169
:1050500029205E4228117E9317244F4E3F50D811CD
:105060006D4FC24D28117D930220F2432711FF435B
:105070000000C24EC412F2432611D24364117F4095
:105080000900B012F24A043CE2432611C243641103
:10509000B0122A4A053C5F4330417F400500304151
:1050A0004F4330414F4330410B120A124A4FB01266
:1050B0003C4A4B4FB01202504F9305244F4BB01255
:1050C0004E4A4F43063C4F4BB0124E4A4F4AB01225
:1050D000E0453A413B4130410B120A124A4FB012AF
:1050E0003C4A5B435A92AD1201244B43B0124E4AE4
:1050F0004F4B3A413B413041B0123C4AF2F0FBFF8A
:105100001D00B0124E4A3041B0123C4AF2F0BFFFCF
:105110000200F2D040000000B0124E4AB012864F9A
:1051200030414E4EC243E2118243D011824FA01251
:10513000824E341382432E130E930324B01208516F
:10514000033C7F42B012F24A4F4330410B120A1225
:1051500009120A4F494EB0123C4A4B4FB01202504E
:105160004F9305244F4BB0124E4A4B431E3C4F4BBE
:10517000B0124E4AB2407F00E4117F407F00B0126F
:10518000E0454B4F4E49C243E2118243D011824A5F
:10519000A012824E341382432E130E930324B012B6
:1051A0000851033C7F42B012F24A4F4B39413A4119
:1051B0003B413041B012F8505E431F427011B012B3
:1051C0004C5130410B124B4FB0123C4AC24B6A114A
:1051D000B0124E4A6F42B012F24A3B4130410B12BC
:1051E0004B4F92436011C2439011B0121C504F4B71
:1051F000B012C4513B413041B0123C4A3E401B000A
:10520000FED010000000FED020000000B0124E4A78
:10521000F2D0C0FF040030410B120A120B4FB01243
:105220003C4A4A4F5F43B012BE49F2F0DAFF7000C9
:105230005F43B012BE49B0120C475E4B03007EF0D4
:10524000FAFF5ED3C24E7000D24B04007100D24B05
:10525000050072002E4BC24E74008E104E4EC24E90
:105260007500D24B020073005E4B06007EF0030017
:105270007E9003000320B012F851243C6E930E2060
:10528000F2F07F000400F2F0EFFF1B00F2D02000EC
:105290001B005E4204007ED040000F3C5E93102055
:1052A000F2F0BFFF0400F2F0DFFF1B00F2D01000AD
:1052B0001B005E4204007ED080FFC24E0400023C10
:1052C000B01270454F43B012BE49F2F03F000200E9
:1052D000F2F03F0000004F4AB0124E4A3A413B41C3
:1052E0003041B0123C4AE2D21D00B0124E4A304169
:1052F0000B120A1209124B4FB0123C4A4A4FC29B82
:1053000029110424B0124E4A5F434C3CF243291148
:105310005B4266114B930920B0123C4AC243AC1267
:10532000B0124E4AB0121C50353C4C43494B02124D
:1053300032C20343C24C3001F240CDFF38011E425D
:105340003A0132418E1012C34E1012C34E104D4E10
:105350004D5D4D5D4E5D4C8E4E4C4F4C0D497CF07D
:105360000F004C9303240D117C53FB3F1DF31724B6
:10537000C24E29111E434D4F7DF00F004D93032463
:105380000E5E7D53FB3F4BCEC24B66117F40070044
:10539000B012F24A4F4AB0124E4A4F43033C4C4EB1
:1053A0005C53C53F39413A413B4130417F400300A6
:1053B000B012F0524F4330410B120A120912B012D0
:1053C0003C4A494F1B42CE11B012C4460A4F1F42FD
:1053D00080015FF304241B53B012C4460A4F0C43F0
:1053E0000D430D4B0E4A0F430A4C0B4D0ADE0BDFEB
:1053F0004F49B0124E4A0E4A0F4B39413A413B4198
:1054000030410B120A1209120812B012B853084E9A
:10541000094F1E4276111F4278110A4E0B4F1A5245
:10542000B2111B62B411099F09280220089E0628A8
:105430000B9F102809200A9E0D28063C0B9F04286C
:105440000F9B27280A9E252C099B04280B992128AD
:10545000089A1F2C0C4A0D4B0C880D790D930320D4
:105460003C90018018280E480F493E5000800F6381
:10547000824E7611824F78110E4C0F4D3E500080B7
:105480003F63824EB211824FB4113C4000800D4305
:105490000A3C0C430D43824A7611824B78118243B9
:1054A000B2118243B4110A4CB012C4460E4F0E889A
:1054B0000E9A052C0C4A0C8E3C900300062CB01260
:1054C000C4462F53824F9601033C0C5F824C9601D9
:1054D000B2F0FEFF8601B2D010008601384139419A
:1054E0003A413B4130410B120A1209120812218342
:1054F0000A4E0B4FB012B853084E094FB0123C4A37
:105500008248761182497811824AB211824BB411D5
:10551000814F0000B01202542F41B0124E4A215365
:10552000384139413A413B4130410B12B0123C4ABB
:105530004B4FB01288453E404600B01246770E4FA2
:105540003E500B00824E44130F43B012E6544F4BB3
:10555000B0124E4A3B4130410B120A12B0123C4A83
:105560004A4FB292601112207F400900B012A85039
:10557000B012AC53B012E252924360117F4003006C
:10558000B012C4514F4AB0124E4A2F3CB012F850DC
:10559000C2934B1303247F400500013C6F42B012BD
:1055A000A8504E4F3EF205204F43B012A8503FF294
:1055B00004205B433F400300033C4B433F40050056
:1055C000824F6011B012E2524F4AB0124E4A4B93D2
:1055D0000724C2437A11B012AC53B0122A55053CCD
:1055E0003E4040010F43B012E6543A413B41304146
:1055F0000B120A120912494F0A4EB0123C4A4B4F85
:10560000B01202504F9305244F4BB0124E4A4F43F5
:105610000D3C4F4BB0124E4A4F49B012E0450F4A75
:105620008F10B012E0454F4AB012E04539413A417F
:105630003B4130410B120A12091208120712084F9F
:105640004A4E074D4B4CB0123C4A494FB0120250E3
:105650004F9305244F49B0124E4A4F43213C4F49C6
:10566000B0124E4A4A4A0A584F4A7FD080FFB012C1
:10567000E045494F0E4A12C30E104F4E7FF0C0FF57
:10568000B012E0454A4B093C4E4B0F4A0F8E0E4F6D
:105690000E576F4EB012E0457B534B93F5234F49A5
:1056A0003741384139413A413B4130410B12315089
:1056B000F4FFB0123C4A4B4F3D423E40BC120F41FA
:1056C000B0126E771E42C011C14E08008E10C14E3E
:1056D00009001E42E011C14E0A008E10C14E0B009F
:1056E0004F4BB0124E4A7C400C000D414E433F40A0
:1056F0006001B012345631500C003B413041B012C1
:105700003C4AF2D010003100B0124E4A3041B01283
:105710003C4AF2D020003100B0124E4A3041B01263
:105720003C4AF2D040003100B0124E4A30410B12D8
:105730000A12091208120712B0123C4A474F1A42C5
:10574000FA111B42FC11B012C4460D4F1F428001DA
:105750005FF305241A530B63B012C4460D4F12C3F6
:105760000D1012C30D1012C30D1012C30D1012C371
:105770000D10084D09430E4A0F4B4FEA0FEA8F10E8
:105780004E4E8E100E5E0F6F0E5E0F6F0E5E0F6F21
:1057900008DE09DF4F47B0124E4A0E480F49374125
:1057A000384139413A413B4130410B120A1209124A
:1057B0000812B0122E57084E094F1E42DC111F422C
:1057C000DE110A4E0B4F1A52D4111B62D611099FDB
:1057D00009280220089E06280B9F102809200A9EEF
:1057E0000D28063C0B9F04280F9B27280A9E252C7A
:1057F000099B04280B992128089A1F2C0C4A0D4B51
:105800000C880D790D9303203C90010418280E4854
:105810000F493E5000040F63824EDC11824FDE11AF
:105820000E4C0F4D3E5000FC3F63824ED411824F10
:10583000D6113C4000040D430A3C0C430D43824A00
:10584000DC11824BDE118243D4118243D6110A4C03
:105850000A5A0A5A0A5A0A5A0A5AB012C446085828
:1058600008580858085808580E4F0E880E9A042CED
:105870000A8E3A900300062CB012C4462F53824F72
:105880009201033C0A5F824A9201B2F0FEFF82015C
:10589000B2D010008201384139413A413B41304198
:1058A0000B12091208124B4F084D094EB0122E5719
:1058B0004B4B0B5B0C4B0C5C0C5C0C5B3C500412BC
:1058C0008C4E00008C4F02008C4804008C4906006E
:1058D0005F4C08007FF0FEFF6FD3CC4F08005F43A2
:1058E000B012F24A384139413B413041B0123C4A92
:1058F000F2F0EFFF3100B0124E4A3041B0123C4A94
:10590000F2F0DFFF3100B0124E4A3041B0123C4A93
:10591000F2F0BFFF3100B0124E4A30410B120A12B2
:105920004A4E4B4D5F930820B012EC583D40FA00B0
:105930000E435F43B012A0585A930820B012FC588F
:105940003D40FA000E436F43B012A0585B9309200C
:10595000B0120C593D40FA000E437F400300B012D4
:10596000A0583A413B413041B012FE56B0120E579A
:10597000B0121E571F4248131F9323242F93032056
:10598000B012EC5830413F90030004242F920520C0
:10599000B012EC58B012FC5830413F900500052081
:1059A000B012EC58B0120C5930413F900600042060
:1059B0005D435E435F43163C3F9007001620B012E4
:1059C000EC581F42C8120F9303204D435E430A3C1C
:1059D0001F9303205D434E43043C2F930E205D43F1
:1059E0005E434F43B0121C5930413F920620B01223
:1059F000EC58B012FC58B0120C5930410B1209127D
:105A000008120712061205120412044E054F0B432A
:105A10000E4B0E5E0F4E0F5F0F5F0F5E3F50041276
:105A20005E4F08006EB302203040325C284F194FA1
:105A300002001C4F04001D4F06000644074506885F
:105A40000779079DF6280220069CF3285EF30424BC
:105A5000FFF0FDFF0800083C06480749065C076D9B
:105A60008F4600008F4702005B93C22406286B9389
:105A7000CA247B900300E320D13C1F426C111F53CA
:105A8000824F6C111F930720A2434813B01268592C
:105A9000E243CD11213C3F900B000920B2400300AE
:105AA0004813B0126859F2400300CD11153C3F90E5
:105AB00015000720A2424813B0126859E242CD11E6
:105AC0000B3C3F901F000C20B24005004813B01261
:105AD0006859F2400500CD11B240F401A412AF3C68
:105AE0003F9029000B20B24006004813B0126859BD
:105AF000F2400600CD118243A412A13C3F902A003F
:105B000006243F902F0003243F9034000820924346
:105B100048138243C812B01268590F43213C3F908A
:105B200039000C243F903E0009243F904300062496
:105B30003F90480003243F904D00082092434813B3
:105B40009243C812B01268591F430A3C3F9052005A
:105B50000A2092434813A243C812B01268592F4337
:105B6000B01234466C3C3F90570006243F905C00D6
:105B700003243F9061000920B2400700481382438C
:105B8000C812B01268590F43233C3F9066000C24A2
:105B90003F906B0009243F90700006243F907500F1
:105BA00003243F907A000920B24007004813924333
:105BB000C812B01268591F430B3C3F907F000B2066
:105BC000B24007004813A243C812B01268592F43CD
:105BD000B012FA45343C3F9080003128B012FE5696
:105BE000B0120E57B0121E57F2F0FDFF0C12273CF8
:105BF000B0123C4AF2E010003100B0124E4AF2F00E
:105C0000FDFF16121C3CB0123C4AF2E020003100AD
:105C1000B0124E4AF2F0FDFF2012113CB0123C4A85
:105C2000F2E040003100B0124E4AF2F0FDFF2A12BD
:105C3000063C1B533B90050002243040105A5F4342
:105C4000B012F24A34413541364137413841394189
:105C50003B4130410B124B4FB0123C4AC24BAD128C
:105C6000B0124E4A3B413041B0123C4AF2F0BFFF05
:105C70001D00B0124E4A3041B0123C4AF2D04000F2
:105C80001D00B0124E4A30410B12B0123C4A5B422A
:105C9000C512B0124E4A0F4B0F5F0F5F0F5B3F50A4
:105CA0002E010E4F3ED000407F401800B012F0553C
:105CB0003B4130410B12B0123C4A4B4FC293AF11E3
:105CC00004241E43C2933E1301200E434E4E8E10F9
:105CD0000E5E0E5E0E5EC293C31104241D43C2937A
:105CE000BA1201200D433ED0E2220D5D0D5D0D5D27
:105CF0000D5D0EDD7F401100B012F0554F4BB0121C
:105D00004E4A3B4130410B120A1209121B42C61186
:105D10005A4B2A004A9302207A401F00B012F850D2
:105D2000C29AAE1107244E4A3ED0E0807F40150053
:105D3000B012F055C24AAE11694BB0123C4A4A4FFC
:105D4000B01202504F9304244F4AB0124E4A1F3CE7
:105D50004F4AB0124E4AB2403E00E4117F403E002E
:105D6000B012E0454F497F534F4FC243E211824B7F
:105D7000D0118243A012824F341382432E130F930B
:105D80000324B0120851033C7F42B012F24A394159
:105D90003A413B4130410B121F42001112C30F1018
:105DA000C24FAD11B0123C4A4B4FD2437800B012F3
:105DB0004E475E4203117EF0FAFF5ED3C24E78007A
:105DC000D24204117900D24205117A001E4200111C
:105DD000C24E7C008E104E4EC24E7D00D242021149
:105DE0007B005E4206117EF003007E9003000B20D4
:105DF000F2D040001B00F2D080FF1B005E42050085
:105E00007ED030000F3C6E931020F2F0DFFF0500D3
:105E1000F2F0BFFF1B00F2D080FF1B005E420500C6
:105E20007ED01000C24E0500123C5E930E20F2F0B0
:105E3000EFFF0500F2F07F001B00F2D040001B00D6
:105E40005E4205007ED02000ED3FB0126C47F2F0BC
:105E5000FEFF7800F2F0CFFF0300F2F0CFFF010069
:105E60004F4BB0124E4AB0123C4AF2F0CFFF030043
:105E7000F2D030000100B0124E4A3B4130410B12CB
:105E80004B4FB0123C4A4E4B3E50AC12CE930000EA
:105E90000420DE4300004B43013C5B43B0124E4AFA
:105EA0004F4B3B4130410B120A124B4FB0123C4A50
:105EB0004A4F4F43B0127E5E4F932F20C24B2911A1
:105EC000C29326113C20F2900300641138207F40D9
:105ED0000700B012F24A2C3CD2436411C243C412F0
:105EE000B012DE4B253CC293C41222241E43F2930F
:105EF000D8110420C293271101240E430E931820B9
:105F0000F29328110320C2432811043C5E4227115A
:105F1000CE43D811C24327110B3C1E434D4B7DF09D
:105F20000F004D9303240E5E7D53FB3FC2DE6611CE
:105F30004F4AB0124E4A4F433A413B413041C2931F
:105F40006411D123C93F0B124F9303245F934A205E
:105F5000353CB0123C4A4B4F5F43B012BE49F2F0A1
:105F6000DAFF70005F43B012BE49B01270455F4265
:105F700036117FD00500C24F7000D2423711710038
:105F80001E423411C24E74008E104E4EC24E750029
:105F9000C2437300E2D31B00E2D21B00F2D21B000B
:105FA000F2D0400004004F43B012BE49F2F03F006F
:105FB0000200F2F03F0000004F4B123C1F422C1138
:105FC00012C30F10C24F36133F402C11B01218529B
:105FD000B0123C4AF2F03F000200F2D0C0FF0000D5
:105FE000B0124E4A3B4130410B120A124B4FB012D5
:105FF0003C4A4A4F4F43B0127E5E4F9306244F4AAD
:10600000B0124E4A7F400500253CC2932611252040
:10601000F2900300641121200C3CE2436411C2435E
:10602000C412B012DE4BC293261107204F43B012A8
:10603000465FC24B29114B43093CC2436411B01265
:106040003C4AC243AC12B0124E4A5B434F4AB012B4
:106050004E4A4F4B3A413B413041C2936411EF23CA
:10606000DC3FA243A611D243BA11E29229110524C2
:106070006F42B012E85F4F930320B012B451304129
:106080006F42B012A65E30410B12B0123C4A4B4F29
:106090008293A6111824C243BA115E42B0114E93E6
:1060A0000324F2B220000520D2B3200008204E9332
:1060B00003247E53C24EB011B0126260073C92437B
:1060C000A611C243B0116F42B012F0524F4BB01242
:1060D0004E4A3B413041B012CA47B012E252B012B0
:1060E000F8507F42B012A8507F42B012A850B012B0
:1060F000E2526F42B012F052B012886030410B127F
:106100000A120912081207121742A012C293E211D2
:106110000224304000641F42E4113FB040000220DE
:10612000304098637FF0BFFF7F903F0002243040F3
:1061300000641B4270116E4BC24EA8111F42A61183
:106140003F90050039243F90060084242F930224B9
:1061500030408863B2400500A6115D428E114D9E0D
:1061600027242628F2B220000820D2B320000520E0
:106170004F4E7FE34F5DC24F8E117E902A00182C48
:106180004E930E240F4B1F537E9203287E40070030
:10619000033CB2400600A611B01222513040006408
:1061A000C243BA11B012E2526F42B012F052E93C4F
:1061B000B012D66030400064B2400600A611C2930F
:1061C000C3114124C293BA123E205F4B02008F10CC
:1061D0005E4B01000FDE3FF0200035245A4B0700D4
:1061E0008A105F4B06000ADFB0123C4A1942E011E8
:1061F000B0124E4A0A9908245F4B07008F105E4B7D
:1062000006000FDE3F931F205F4B02008F105E4B96
:1062100001000FDE3FF007001F931520B012E2527D
:10622000B012F8507F400A00B012A850B012E252EB
:10623000B012F8505E42A8117E50F9FF0F4B3F524A
:10624000B0124C51DD3C5E42A8117E50F9FF0F4B5D
:106250003F52A23FB012E252C293B01103206F42EC
:10626000B012F052C293B0110324F2B220000B20FE
:10627000D2B3200008245A422A134A930424F290ED
:106280000B00A8110E2C1F427011CF432D00CF43DD
:106290003100CF433000CF432F00FF4080FF2E005E
:1062A000373C594232135A9319200F490F5F0F5F41
:1062B0003F50D612284F1C4F02001D427011CD488E
:1062C00031000E4C0F488F108E104FEE0FEECD4F59
:1062D0003000CD4C2F008C10CD4C2E00195379F08E
:1062E0000700C24932137A53C24A2A1311241F42AB
:1062F0007011CF432D00CF433100CF433000CF4347
:106300002F00FF4080FF2E00C2433213C2432A13E6
:106310005F42A8110F5BCF93000033340793312401
:106320005F4B02008F105FDB01007FF007001D4212
:1063300070116F931F201F42C6110F932224B29039
:10634000070060111E20DF9D030003001A20B2F039
:10635000EFFF86016E4DDF432C000E5DDF4EFFFF29
:1063600028006E4E7EF07F00CF4E29004F43B012C2
:10637000DE51073C5F9305207F400A00B012F24ACD
:106380003F3CB01288603C3CC243BA11B012E252AA
:106390006F42B012F052343C7F903E003120B01278
:1063A000E252B29260111120B012F8507F40090001
:1063B000B012A850B012E252B012AC539243601126
:1063C0007F400300B012C4511B3CC2934B13052005
:1063D000A2426011B0125855133CB012AC53B240F7
:1063E00003006011B01288453E403601B012467776
:1063F0000E4F3E500B00824E8C110F43B012E654EC
:106400003741384139413A413B4130410B120A1280
:10641000091208120712061205127F920228304054
:10642000BA674F4F0F5F104FE4781F4282018F1001
:106430005FF304241F4292013040BA67B2F0EFFFCD
:1064400082018293D41108208293D61105204F43F4
:10645000B012F24A3040BA67B012AA573040BA6759
:106460001F4284018F105FF302203040BA67184248
:106470009401B2F0FEFF8401B2F0FDFF8401B0127E
:10648000B8530C4E0C880D43064E074F068C077D03
:106490001F4260113F90050004243F900600BC207D
:1064A0009A3CB24006006011D243B711C2435E115C
:1064B0006F43B012D6461C42C611CC4631000F467F
:1064C0000D478F108D104FED0FEDCC4F30000F4763
:1064D000CC472F008F10CC4F2E00CC932D0064247E
:1064E000654C7550FBFF4945095C6D490A430B43F8
:1064F0000B4D8B100C430D435D4901000CDA0DDB95
:106500005A4903000B430CDA0DDB5A4902004BEAEF
:106510000BEA8B104A4A8A100CDA0DDB0C860D77D9
:10652000C94C03000A4D8C108A104CEA0CEAC94C85
:1065300002000F4DC94D01008F10C94F0000B0126D
:10654000F8506C420D494E450F43B0123456B0120C
:10655000E2526F490C430D430D4F8D100A430B431C
:106560005B4901000CDA0DDB5A4903000B430CDADE
:106570000DDB5A4902004BEA0BEA8B104A4A8A109B
:106580000CDA0DDB0C560D67C94C03000F4C0C4D9B
:106590008F108C104FEC0FECC94F02000F4DC94DFE
:1065A00001008F10C94F00001D42C6115F4D02004F
:1065B0008F105D4D01000FDD3FF020000224D2431B
:1065C0009011B012AC53B2F0EFFF8601E2B31C00A1
:1065D00002243040BA67C243B7115F43B012D646B7
:1065E0001D42C6115F4D02008F105D4D01000FDD91
:1065F0003FF020000924B240070060113E40000136
:106600000F43B012E654033C4F43B012DE51E2B3E5
:106610001C0002203040BA67C2935E112720C2934B
:10662000B7112420D243B7116F43B012D6465C4253
:106630001C005D422A137D920E2C4F4D5F52321387
:106640003FF007000F5F0F5F8F46D6128F47D812BB
:106650005D53C24D2A13D2435E118248E611E2B364
:106660001C00AB204E4C6EF35A4301204A43D29398
:10667000B711A320C243B7115F43B012D646C2433D
:106680005E114A939A200F481F82E6113F900A003C
:10669000942C5F422A134F9303247F53C24F2A1333
:1066A0001F42C6110F938924CF432D00CF433100E1
:1066B000CF433000CF432F00FF4080FF2E007D3CB2
:1066C0001F4286018F105FF303241F429601753C21
:1066D000B2F0EFFF86018293B21146208293B4118B
:1066E00043201F4260113F50FDFF3F9006002F2CBA
:1066F0000F5F104FF478F2B0100020000824A2427F
:1067000060113E4007000F43B012E654203CB01227
:106710002A551D3C7F400300B012E85F4F930524CB
:106720007F400300B012A65E123CB01258550F3CD9
:106730004F430B3C7F400900B012A8505F43B0129A
:10674000D646B012AC537F400700B012DE51929390
:1067500068113320A2436811B012685CB012785CF3
:106760004F43B012A65E293CB0120254263C1F4291
:1067700088018F105FF321241F4298011E3C1F42A5
:106780008A018F105FF319241F429A01163C1F42A1
:106790008C018F105FF311241F429C010E3C1F429D
:1067A0008E018F105FF309241F429E01063C925315
:1067B000CE119253FA118263FC11354136413741B3
:1067C000384139413A413B4130410B120A1209121A
:1067D0000812071206123150F6FF7F9013000228AC
:1067E00030404C724F4F0F5F104F0079C293AC1185
:1067F00028201A42D2121B42D412B0123C4A18422C
:10680000D4111942D6111852DC111962DE11B012DE
:106810004E4A824AD212824BD412C243AC11B012F9
:106820003C4A8248DC118249DE11824AD411824BF3
:10683000D611814F0800B012AA571F410800B012AC
:106840004E4AB0122E573A3CB0122E57084E094FFE
:10685000B2F0EFFF820146433A433B40FF7F0743DC
:106860000E470E5E0F4E0F5F0F5F0F5E3F5004121C
:10687000EFB3080013240C480D492C8F1D7F020034
:106880001E4F04001F4F06000E8C0F7D0F9B033818
:1068900005200E9A032C0A4E0B4F56431753379080
:1068A0000500DE234693022030404C720B930438DF
:1068B0001B9308341A93062C0E480F49B012FC594A
:1068C00030404C72824AD212824BD412D243AC1165
:1068D000B0123C4A8248DC118249DE11824AD4114E
:1068E000824BD611814F0800B012AA573040F66B88
:1068F000B0123C4A4B4F5F43B012D64692436011F0
:10690000C2435E11C2439011C243AE114F4BB0124D
:106910004E4AB0123C4A814F0800B012CA47924317
:10692000A611C243BA11F2F0FEFF2500F2F0FEFFFD
:106930002300D2D32400D2D325001F410800B01277
:106940004E4AB0123C4A4B4FA292681105207F403C
:106950000300B012A8504F4BB0124E4AB0123C4A3E
:106960004B4FB012E2524F43B012F0524F4BB012A5
:106970004E4A6F43B012545C3D402C010E434F43CE
:10698000B012A05830404C724F43B012545C3040AB
:106990004C72B0123C4AB0124E4A7F400300B01213
:1069A000D8504F933D24B0123C4A4B4F8243601164
:1069B000B2F0EFFF8601B2F0EFFF8401F2F0FDFFCD
:1069C0001F007F400300B012F052B012E2524F4B52
:1069D000B0124E4AB0123C4A8243A611814F0800C1
:1069E000B012CA47B012E252F2F0FEFF2500F2F0F8
:1069F000FEFF23001F410800B0124E4A8243681177
:106A0000B012685CB0123C4AF2F0DFFF1D00B01219
:106A10004E4AB012785C7F400300B012F24A033C49
:106A20006F43B012545CB0123C4AC243AE12B01273
:106A30004E4A82933813022430404C7230404E6FDD
:106A4000B0123C4A4B4FC293461302243040287286
:106A5000D2434613A292681105205F43B012A65E8E
:106A60003040E4717F400600B012F24A3040E471D9
:106A7000B0123C4AC243461330402872B0123C4A1E
:106A80005B422911B0124E4A7B900500022830402B
:106A90004C724F4B0F5F104F2679B012F850B01266
:106AA0003C4A4B4FA2936811022430402872B240F6
:106AB000030068113E4018007F401D00B012F055E1
:106AC000F2F0EFFF2500F2F0EFFF2300F2F0EFFF0E
:106AD0002400F2D0100025005F43B012A8503E40C1
:106AE0007F027F401C00B012F055B012885CB012DB
:106AF000B45C3E40562A7F401700B012F0553E402D
:106B0000FF807F401500B012F0553040E471B012A4
:106B1000F8507F400600B012A850B012885CB01246
:106B2000B45CB012AC56B012E252B012F8507F40D2
:106B30000300B012A850B012E2525F43B012F052FC
:106B40007F40060030405A71B012F850B0123C4AF3
:106B50004B4FB01202504F9304244F4BB0124E4A89
:106B60000D3C4F4BB0124E4A7F405300B012E045EF
:106B70004F43B012E0454F43B012E045B012E2522D
:106B80006F43B012F05230404C72B0123C4A5B423C
:106B90006011B0124E4A6B9206247B9208246B93CC
:106BA0001C203040466FB012585530404C72B01225
:106BB000F8507F400900B012A850B012E252B01253
:106BC000AC53B0123C4A92436011B0124E4A7F401F
:106BD0000300B012C45130404C72B012AC5330407C
:106BE0004C72B012B45130404C72B0123C4A814FDA
:106BF0000800B012FE601F41080030402872B01239
:106C00003C4AD242C4122611F24003006411B01271
:106C10004E4A5F422611B012465F5F4226114F93E3
:106C200005245F93022430404C72043C7F400700EF
:106C300030405A713F401411B0121852B012F8513E
:106C4000F2F0FBFF700030404C721A4270116B4A38
:106C50004E4B0E5A6F4E4F5F0F430F6FCA4F2B00B4
:106C60006F4E7FF07F00CA4F2900DA4EFFFF2800E9
:106C7000584A0200594A0100B0123C4A5742AF112B
:106C8000B0124E4A479343244E488E104F490EDFB0
:106C90008E104E4E12C30E1012C30E103EF00300A3
:106CA0002E931D20584A070088105F4A060008DF0F
:106CB000B0123C4A1942E011B0124E4A08990B2416
:106CC0005F4A07008F105E4A06000FDE1E433F93A7
:106CD00003240E43013C1E430E9319209F3C3E901B
:106CE00003009C209142BC1200009142BE1202009F
:106CF0009142C01204009142C21206003D420E4170
:106D00000F4A3F500600B0124E770F9387207B90BA
:106D10000D0084281A4270115F4A02008F105E4AEB
:106D200001000FDE0E4F8E104E4E12C30E1012C316
:106D30000E103EF003000C4A3C5006008F104F4FDF
:106D40007D40060012C30F107D53FC233F900300CB
:106D500002242D43013C3D423E90030002242F4378
:106D6000013C3F420C5F0B430F430E4C0E5F6E4ED7
:106D70000B5E1F530F9DF93B574A0300F2433A1332
:106D8000B0123C4A5C423A133E407C110D432B9EAC
:106D90000720CE9702000320C24C3A133B3C4C4DD7
:106DA0001D532E522D92F323C24C3A13B0124E4A69
:106DB00058423A13B0123C4A78930324C2985C11AB
:106DC000042058425C115D43013C4D434E480E5E29
:106DD0000E5E8E4B7C11CE477E114D9307245E4292
:106DE0005C115E537EF00300C24E5C11B0124E4A3D
:106DF000B0123C4A494F0F4AB01284476B4F4F497B
:106E0000B0124E4ACA932B0007247B903F00042007
:106E1000B0123C4AB0124E4A824A7011B0123C4A3B
:106E2000C243BA11B0124E4AB012886030404C7260
:106E30005F42CC115F922211022030404C72C24F4F
:106E400022114F9384201A425A11B0123C4A4B4FE0
:106E50000F4AB0128447FF403F0000004F4BB01272
:106E60004E4A824338136F43B0127E5E4F936F20B9
:106E70005F42C7124E4F5E53C24EC712CA4F030045
:106E8000B0123C4A4B4F6F43B012D8504F930A2078
:106E90004F4BB0124E4AB0123C4AC243AE12B0122F
:106EA0004E4A553C6F42B012545C824AEE114F4B31
:106EB000B0124E4A5F4A02008F105E4A01000FDE98
:106EC0003FF020CC4E4F3ED041008F104F4F8F10DF
:106ED0000EDFCA4E01008E10CA4E0200CA432C00BB
:106EE000CA432800CA432900CA433100CA433000BC
:106EF000CA432F00FA4080FF2E00D243B0121B423B
:106F0000EE11B0123C4A1E4260113E920220304007
:106F100028721E93022430402872A2436011D2438B
:106F20004B13824BC611C2437A11B0124E4A7F40B6
:106F30000300B012E85F4F9306247F400300B012B5
:106F4000A65E30404C72B012065D30404C72F24387
:106F5000221130404C72B0123C4AC24342135B4291
:106F6000A21258437B92012448435A437B90090064
:106F700001244A43489302204A930724C243A212A1
:106F80005E4200120E5ECE43E811B0124E4A4893A4
:106F900002204A931E24B0123C4AD2532C13F29082
:106FA0004300DA110E205E42F3115E92F2110C24BE
:106FB0005E53C24EF3117E9006000628C243F311C1
:106FC000033C58E35B43023C4B434843B0124E4AF8
:106FD000033C4B9360204843B0123C4A5A4258113C
:106FE000B0124E4A4A930824B0123C4AF2400A00BA
:106FF000A212B0124E4A413CB0123C4A5742E8112C
:107000005A42EA11B0124E4AB0123C4A5942F211A9
:107010005642F311B0124E4A4996202447931E203F
:10702000B0123C4A4A4FE243E811B0123C4A564281
:10703000F2115742F311B0124E4A469705245E42B0
:10704000F3115E4EF411013C4E43C24EE911F24081
:107050004300DA11C24300124F4A0B3C4F4A7F53A0
:107060006F930B2CB0123C4AF2404500DA11D24328
:107070000012B0124E4A5A43013C4A434B930C242F
:10708000B0123C4AC2484A11B0124E4A7F4010002A
:10709000B012F24A013C4A43B0123C4A4B4FF290C4
:1070A0000A00A2120320B012BC4B9C3CB0124E4A04
:1070B0004A93CC24B0123C4A82434C13C243D211AF
:1070C000D243A212B0124E4AB012D84A4F93BE24F5
:1070D000B0123C4AF2400900A212B0124E4AB0125D
:1070E000124CB43CB0123C4AC2933A112B20E243FA
:1070F0003A11C243C211B0124E4AB0123C4A4B4F31
:10710000D293081112205E423A115E9305207F400F
:107110001200B012F24A093C6E930720D242C2110B
:107120000811F24003003A11013C4F4BB0124E4A95
:10713000C29308110320B012965D063CB0123C4A7F
:10714000C2433A11B0124E4AB0123C4AC243A21294
:10715000C243BB11693C7F400F00B012F24A763C3B
:10716000B012564A4F937224829374116F20829307
:10717000F0116C20B0123C4A4B4FF29003003A11D0
:107180003120C29308112E205D420A117D931B24E9
:107190004E4D5F4E3713C24F0A117F930220F243C8
:1071A0000911FE433713C24DC211F2430811D243F5
:1071B0003A117F401200B012F24AD2437800F2F046
:1071C000CFFF01000D3CD2430811C2433A11D24314
:1071D0007800F2F0CFFF0100B0126C47B0124E47BA
:1071E000B0126C474F4B203C82435011B0123C4AC6
:1071F0001B3CB0123C4A1A4240115B428F11B01244
:107200004E4AB0123C4A4E4B0E5E8E4A0E115E4202
:1072100056114B9303247EF0FBFF023C7EF0FDFFF2
:10722000C24E5611C2434411B0124E4A0F3CB01226
:107230003C4AD242C2110811F24003003A11B01286
:107240004E4AC29308110220B012965D31500A00D6
:1072500036413741384139413A413B413041F2935F
:107260002B130824B012D0497F930624B012CA67AA
:107270005F4330414F4330414F4330410F120E12B4
:107280000D120C124F43B012EE493C413D413E41BC
:107290003F41B1C0F000000000130F120E120D129A
:1072A0000C121F422E014F4F12C34F10B012EE4965
:1072B0003C413D413E413F41B1C0F0000000001360
:1072C0000F120E120D120C124F43B0120C643C41FF
:1072D0003D413E413F41B1C0F000000000130F129C
:1072E0000E120D120C121F421E014F4F12C34F10EF
:1072F000B0120C643C413D413E413F41B1C0F00001
:10730000000000130F120E120D120C1221835E42A8
:1073100023005F4225004FFE4F4F814F000091B385
:1073200000000E24F2F0FEFF23009293A611052028
:10733000A243A611B0126260553CD253B011523C28
:10734000A1B3000005245F4223007FF0FDFF483C0D
:10735000A1B2000005245F4223007FF0FBFF403C08
:10736000B1B2000005245F4223007FF0F7FF383CF4
:10737000B1B0100000001A24F2F0EFFF2300A24287
:107380006811F2F0EFFF2500F2F0EFFF23000E434B
:107390007F401D00B012F055B012AC56B012E25250
:1073A000B012F8506F43B012F24A1C3CB1B020004A
:1073B000000005245F4223007FF0DFFF113CB1B0E5
:1073C0004000000005245F4223007FF0BFFF083C1F
:1073D000B1B08000000006245F4223007FF07F00F0
:1073E000C24F230021533C413D413E413F41B1C08A
:1073F000F000000000130F120E1221835E422B00DA
:107400005F422D004FFE4F4F814F000091B30000AF
:1074100005245F422B007FF0FEFF3B3CA1B3000040
:1074200005245F422B007FF0FDFF333CA1B200003A
:1074300005245F422B007FF0FBFF2B3CB1B2000024
:1074400005245F422B007FF0F7FF233CB1B0100012
:10745000000005245F422B007FF0EFFF1A3CB1B023
:107460002000000005245F422B007FF0DFFF113C6D
:10747000B1B04000000005245F422B007FF0BFFF49
:10748000083CB1B08000000006245F422B007FF072
:107490007F00C24F2B0021533E413F41B1C0F0005D
:1074A000000000130F120E120D120C125E42760035
:1074B0005F4264114F9332242E3C5F4226114F935A
:1074C00003245F932B20153C1F42A0120F9304242A
:1074D0001F522E13CF4EFFFF929234132E13032C04
:1074E000B012864F1B3CF2F0BFFF0000B012FE60EE
:1074F000153C1D42B8110D9311241F429E120D5FC1
:10750000CD4E00001F53824F9E121F92021206287A
:107510008243B811033C7F900300CF273C413D419B
:107520003E413F41B1C0F000000000130F120E12A7
:107530005F4270003FF0200009245F4270002FF28C
:1075400005245E4270001EF31F4301200F434F933A
:1075500020205F4264114F931C24183CD2932611C3
:107560001820C29372110F201F42C4111F92A8123B
:107570000A2C1E423C130E5F6E4E1F53824FC411E5
:10758000C24E7700063C82433C13033C7F900300CD
:10759000E5273E413F41B1C0F000000000130F124B
:1075A0000E120D120C125E427E005F423A114F9392
:1075B00031242D3CC29308112D201D4274110D93CE
:1075C0000E241F4230130D5FCD4E00001F53824F1B
:1075D00030131F9240131E28824374111B3C7E906F
:1075E0007E0003204E435F430F3C7E907D000320CE
:1075F000E2D33C110F3CE2B33C110524F2F0FDFF55
:107600003C117EE020004F43B0126E4D033C7F9052
:107610000300D0273C413D413E413F41B1C0F00015
:10762000000000130F120E120D120C125F423A11DD
:107630004F931E241A3CC29308111A20C2937B1147
:107640000F201F42BE111F92AA110A2C1E42F011D8
:107650000E5F6E4E1F53824FBE11C24E7F00083C1C
:107660008243F011B0123A4C033C7F900300E327B1
:107670003C413D413E413F41B1C0F000000000139C
:107680000B120A120912081207120612051204122E
:10769000084C094D0A430B430C4E0D4F0E430F434C
:1076A000B012EC76344135413641374138413941E9
:1076B0003A413B4130410B120A12091208120712DB
:1076C00006120512041218411200194114001A4141
:1076D00016001B411800B012EC763441354136419A
:1076E0003741384139413A413B4130410443054338
:1076F000064307430E3C12C30B100A100910081072
:107700000428045C056D066E076F0C5C0D6D0E6E33
:107710000F6F0893F0230993EE230A93EC230B9346
:10772000EA230C440D450E460F4730417C401000C3
:107730000D4E0E430F5F0E6E0E9D02280E8D1FD351
:107740001C83F8233041B0122C770F4E30410B12BE
:107750000D930A247B4F7C4E4B9C04244F4B4E4C84
:107760000F8E033C3D53F43F0F433B4130410B121E
:107770000A120912081207120D9370240F9E6E242C
:10778000342C0C4E0CDF1CF31B240C4E0CEF1CF3A2
:1077900007202D9307280B4E1BF32C430C8B033C27
:1077A0000C4D013C1C430D8C0A4C094E0B4FFB4900
:1077B00000001B533A53FB230A4F0A5C0E5C013C4A
:1077C0000A4F0B4D12C30B100B24094B084E0C4AE9
:1077D000BC4800002C533953FB230B5B0E5B0A5B48
:1077E0001DF33C24EA4E0000393C0E5D0C4F0C5D4D
:1077F0000B4C0BDE1BF31B240B4C0BEE1BF3062078
:107800003D90030003280B4E1BF3013C0B4D0D8BE9
:10781000094E0A4C084B088C3A533953EA49000088
:10782000074A0758F9233BE31B530C5B0E5B0B4DD8
:1078300012C30B100E240A4B084E094C28832983CF
:10784000A94800003A53FA230A8B0B4A0B5B0E5BE4
:107850000C5B1DF30324DC4EFFFFFFFF3741384173
:1078600039413A413B4130410B120A1209120812C8
:107870003D900600092C0C4F043CCC4E00001C53DC
:107880003D530D93FA23203C4E4E4B4E0B93032455
:107890000C4B8C100BDC1FB306243D53CF4E000065
:1078A000094F1953013C094F0C4D12C30C100A49E2
:1078B000084C8A4B00002A533853FB230C5C0C59AC
:1078C0001DF30224CC4E0000384139413A413B417E
:0478D0003041001330
:1078D4006A4C804CA24C1E4D304D444D524D624D6D
:1078E4002A646064C0666E677E678E679E67AE6753
:1078F400F666146734674E6730671467EC67486848
:10790400F06888699269406A706A7C6AEA6BFE6B07
:107914004A6C306E566FE47056716071E871F271A2
:107924002E729A6A0E6B486B8A6BE26B0000100031
:0C79340050009000D000F000009C020801
:10794000090010102008030001FFFF003612361254
:107950006A12FF000900101020000300480D480DB6
:10796000FFFFFF22010002FFFFFF01001200841051
:0A79700020080300020012A201002B
:10FFE0006C45F67324769E7504739A727C726C4528
:10FFF0002C75A4746C456C45DE72C0726C45004073
:0400000300004000B9
:00000001FF
